ARM GAS  /tmp/cctrEH6k.s 			page 1


   1              		.syntax unified
   2              		.cpu cortex-m4
   3              		.eabi_attribute 27, 1
   4              		.eabi_attribute 28, 1
   5              		.fpu fpv4-sp-d16
   6              		.eabi_attribute 20, 1
   7              		.eabi_attribute 21, 1
   8              		.eabi_attribute 23, 3
   9              		.eabi_attribute 24, 1
  10              		.eabi_attribute 25, 1
  11              		.eabi_attribute 26, 1
  12              		.eabi_attribute 30, 1
  13              		.eabi_attribute 34, 1
  14              		.eabi_attribute 18, 4
  15              		.thumb
  16              		.file	"stm32f4xx_hal.c"
  17              		.text
  18              	.Ltext0:
  19              		.cfi_sections	.debug_frame
  20              		.section	.text.HAL_MspInit,"ax",%progbits
  21              		.align	2
  22              		.weak	HAL_MspInit
  23              		.thumb
  24              		.thumb_func
  26              	HAL_MspInit:
  27              	.LFB125:
  28              		.file 1 "Drivers/STM32F4xx_HAL_Driver/Src/stm32f4xx_hal.c"
   1:Drivers/STM32F4xx_HAL_Driver/Src/stm32f4xx_hal.c **** /**
   2:Drivers/STM32F4xx_HAL_Driver/Src/stm32f4xx_hal.c ****   ******************************************************************************
   3:Drivers/STM32F4xx_HAL_Driver/Src/stm32f4xx_hal.c ****   * @file    stm32f4xx_hal.c
   4:Drivers/STM32F4xx_HAL_Driver/Src/stm32f4xx_hal.c ****   * @author  MCD Application Team
   5:Drivers/STM32F4xx_HAL_Driver/Src/stm32f4xx_hal.c ****   * @brief   HAL module driver.
   6:Drivers/STM32F4xx_HAL_Driver/Src/stm32f4xx_hal.c ****   *          This is the common part of the HAL initialization
   7:Drivers/STM32F4xx_HAL_Driver/Src/stm32f4xx_hal.c ****   *
   8:Drivers/STM32F4xx_HAL_Driver/Src/stm32f4xx_hal.c ****   @verbatim
   9:Drivers/STM32F4xx_HAL_Driver/Src/stm32f4xx_hal.c ****   ==============================================================================
  10:Drivers/STM32F4xx_HAL_Driver/Src/stm32f4xx_hal.c ****                      ##### How to use this driver #####
  11:Drivers/STM32F4xx_HAL_Driver/Src/stm32f4xx_hal.c ****   ==============================================================================
  12:Drivers/STM32F4xx_HAL_Driver/Src/stm32f4xx_hal.c ****     [..]
  13:Drivers/STM32F4xx_HAL_Driver/Src/stm32f4xx_hal.c ****     The common HAL driver contains a set of generic and common APIs that can be
  14:Drivers/STM32F4xx_HAL_Driver/Src/stm32f4xx_hal.c ****     used by the PPP peripheral drivers and the user to start using the HAL. 
  15:Drivers/STM32F4xx_HAL_Driver/Src/stm32f4xx_hal.c ****     [..]
  16:Drivers/STM32F4xx_HAL_Driver/Src/stm32f4xx_hal.c ****     The HAL contains two APIs' categories: 
  17:Drivers/STM32F4xx_HAL_Driver/Src/stm32f4xx_hal.c ****          (+) Common HAL APIs
  18:Drivers/STM32F4xx_HAL_Driver/Src/stm32f4xx_hal.c ****          (+) Services HAL APIs
  19:Drivers/STM32F4xx_HAL_Driver/Src/stm32f4xx_hal.c **** 
  20:Drivers/STM32F4xx_HAL_Driver/Src/stm32f4xx_hal.c ****   @endverbatim
  21:Drivers/STM32F4xx_HAL_Driver/Src/stm32f4xx_hal.c ****   ******************************************************************************
  22:Drivers/STM32F4xx_HAL_Driver/Src/stm32f4xx_hal.c ****   * @attention
  23:Drivers/STM32F4xx_HAL_Driver/Src/stm32f4xx_hal.c ****   *
  24:Drivers/STM32F4xx_HAL_Driver/Src/stm32f4xx_hal.c ****   * <h2><center>&copy; COPYRIGHT(c) 2017 STMicroelectronics</center></h2>
  25:Drivers/STM32F4xx_HAL_Driver/Src/stm32f4xx_hal.c ****   *
  26:Drivers/STM32F4xx_HAL_Driver/Src/stm32f4xx_hal.c ****   * Redistribution and use in source and binary forms, with or without modification,
  27:Drivers/STM32F4xx_HAL_Driver/Src/stm32f4xx_hal.c ****   * are permitted provided that the following conditions are met:
  28:Drivers/STM32F4xx_HAL_Driver/Src/stm32f4xx_hal.c ****   *   1. Redistributions of source code must retain the above copyright notice,
  29:Drivers/STM32F4xx_HAL_Driver/Src/stm32f4xx_hal.c ****   *      this list of conditions and the following disclaimer.
  30:Drivers/STM32F4xx_HAL_Driver/Src/stm32f4xx_hal.c ****   *   2. Redistributions in binary form must reproduce the above copyright notice,
ARM GAS  /tmp/cctrEH6k.s 			page 2


  31:Drivers/STM32F4xx_HAL_Driver/Src/stm32f4xx_hal.c ****   *      this list of conditions and the following disclaimer in the documentation
  32:Drivers/STM32F4xx_HAL_Driver/Src/stm32f4xx_hal.c ****   *      and/or other materials provided with the distribution.
  33:Drivers/STM32F4xx_HAL_Driver/Src/stm32f4xx_hal.c ****   *   3. Neither the name of STMicroelectronics nor the names of its contributors
  34:Drivers/STM32F4xx_HAL_Driver/Src/stm32f4xx_hal.c ****   *      may be used to endorse or promote products derived from this software
  35:Drivers/STM32F4xx_HAL_Driver/Src/stm32f4xx_hal.c ****   *      without specific prior written permission.
  36:Drivers/STM32F4xx_HAL_Driver/Src/stm32f4xx_hal.c ****   *
  37:Drivers/STM32F4xx_HAL_Driver/Src/stm32f4xx_hal.c ****   * THIS SOFTWARE IS PROVIDED BY THE COPYRIGHT HOLDERS AND CONTRIBUTORS "AS IS"
  38:Drivers/STM32F4xx_HAL_Driver/Src/stm32f4xx_hal.c ****   * AND ANY EXPRESS OR IMPLIED WARRANTIES, INCLUDING, BUT NOT LIMITED TO, THE
  39:Drivers/STM32F4xx_HAL_Driver/Src/stm32f4xx_hal.c ****   * IMPLIED WARRANTIES OF MERCHANTABILITY AND FITNESS FOR A PARTICULAR PURPOSE ARE
  40:Drivers/STM32F4xx_HAL_Driver/Src/stm32f4xx_hal.c ****   * DISCLAIMED. IN NO EVENT SHALL THE COPYRIGHT HOLDER OR CONTRIBUTORS BE LIABLE
  41:Drivers/STM32F4xx_HAL_Driver/Src/stm32f4xx_hal.c ****   * FOR ANY DIRECT, INDIRECT, INCIDENTAL, SPECIAL, EXEMPLARY, OR CONSEQUENTIAL
  42:Drivers/STM32F4xx_HAL_Driver/Src/stm32f4xx_hal.c ****   * DAMAGES (INCLUDING, BUT NOT LIMITED TO, PROCUREMENT OF SUBSTITUTE GOODS OR
  43:Drivers/STM32F4xx_HAL_Driver/Src/stm32f4xx_hal.c ****   * SERVICES; LOSS OF USE, DATA, OR PROFITS; OR BUSINESS INTERRUPTION) HOWEVER
  44:Drivers/STM32F4xx_HAL_Driver/Src/stm32f4xx_hal.c ****   * CAUSED AND ON ANY THEORY OF LIABILITY, WHETHER IN CONTRACT, STRICT LIABILITY,
  45:Drivers/STM32F4xx_HAL_Driver/Src/stm32f4xx_hal.c ****   * OR TORT (INCLUDING NEGLIGENCE OR OTHERWISE) ARISING IN ANY WAY OUT OF THE USE
  46:Drivers/STM32F4xx_HAL_Driver/Src/stm32f4xx_hal.c ****   * OF THIS SOFTWARE, EVEN IF ADVISED OF THE POSSIBILITY OF SUCH DAMAGE.
  47:Drivers/STM32F4xx_HAL_Driver/Src/stm32f4xx_hal.c ****   *
  48:Drivers/STM32F4xx_HAL_Driver/Src/stm32f4xx_hal.c ****   ******************************************************************************
  49:Drivers/STM32F4xx_HAL_Driver/Src/stm32f4xx_hal.c ****   */ 
  50:Drivers/STM32F4xx_HAL_Driver/Src/stm32f4xx_hal.c **** 
  51:Drivers/STM32F4xx_HAL_Driver/Src/stm32f4xx_hal.c **** /* Includes ------------------------------------------------------------------*/
  52:Drivers/STM32F4xx_HAL_Driver/Src/stm32f4xx_hal.c **** #include "stm32f4xx_hal.h"
  53:Drivers/STM32F4xx_HAL_Driver/Src/stm32f4xx_hal.c **** 
  54:Drivers/STM32F4xx_HAL_Driver/Src/stm32f4xx_hal.c **** /** @addtogroup STM32F4xx_HAL_Driver
  55:Drivers/STM32F4xx_HAL_Driver/Src/stm32f4xx_hal.c ****   * @{
  56:Drivers/STM32F4xx_HAL_Driver/Src/stm32f4xx_hal.c ****   */
  57:Drivers/STM32F4xx_HAL_Driver/Src/stm32f4xx_hal.c **** 
  58:Drivers/STM32F4xx_HAL_Driver/Src/stm32f4xx_hal.c **** /** @defgroup HAL HAL
  59:Drivers/STM32F4xx_HAL_Driver/Src/stm32f4xx_hal.c ****   * @brief HAL module driver.
  60:Drivers/STM32F4xx_HAL_Driver/Src/stm32f4xx_hal.c ****   * @{
  61:Drivers/STM32F4xx_HAL_Driver/Src/stm32f4xx_hal.c ****   */
  62:Drivers/STM32F4xx_HAL_Driver/Src/stm32f4xx_hal.c **** 
  63:Drivers/STM32F4xx_HAL_Driver/Src/stm32f4xx_hal.c **** /* Private typedef -----------------------------------------------------------*/
  64:Drivers/STM32F4xx_HAL_Driver/Src/stm32f4xx_hal.c **** /* Private define ------------------------------------------------------------*/
  65:Drivers/STM32F4xx_HAL_Driver/Src/stm32f4xx_hal.c **** /** @addtogroup HAL_Private_Constants
  66:Drivers/STM32F4xx_HAL_Driver/Src/stm32f4xx_hal.c ****   * @{
  67:Drivers/STM32F4xx_HAL_Driver/Src/stm32f4xx_hal.c ****   */
  68:Drivers/STM32F4xx_HAL_Driver/Src/stm32f4xx_hal.c **** /**
  69:Drivers/STM32F4xx_HAL_Driver/Src/stm32f4xx_hal.c ****   * @brief STM32F4xx HAL Driver version number V1.7.4
  70:Drivers/STM32F4xx_HAL_Driver/Src/stm32f4xx_hal.c ****   */
  71:Drivers/STM32F4xx_HAL_Driver/Src/stm32f4xx_hal.c **** #define __STM32F4xx_HAL_VERSION_MAIN   (0x01U) /*!< [31:24] main version */
  72:Drivers/STM32F4xx_HAL_Driver/Src/stm32f4xx_hal.c **** #define __STM32F4xx_HAL_VERSION_SUB1   (0x07U) /*!< [23:16] sub1 version */
  73:Drivers/STM32F4xx_HAL_Driver/Src/stm32f4xx_hal.c **** #define __STM32F4xx_HAL_VERSION_SUB2   (0x04U) /*!< [15:8]  sub2 version */
  74:Drivers/STM32F4xx_HAL_Driver/Src/stm32f4xx_hal.c **** #define __STM32F4xx_HAL_VERSION_RC     (0x00U) /*!< [7:0]  release candidate */ 
  75:Drivers/STM32F4xx_HAL_Driver/Src/stm32f4xx_hal.c **** #define __STM32F4xx_HAL_VERSION         ((__STM32F4xx_HAL_VERSION_MAIN << 24U)\
  76:Drivers/STM32F4xx_HAL_Driver/Src/stm32f4xx_hal.c ****                                         |(__STM32F4xx_HAL_VERSION_SUB1 << 16U)\
  77:Drivers/STM32F4xx_HAL_Driver/Src/stm32f4xx_hal.c ****                                         |(__STM32F4xx_HAL_VERSION_SUB2 << 8U )\
  78:Drivers/STM32F4xx_HAL_Driver/Src/stm32f4xx_hal.c ****                                         |(__STM32F4xx_HAL_VERSION_RC))
  79:Drivers/STM32F4xx_HAL_Driver/Src/stm32f4xx_hal.c ****                                         
  80:Drivers/STM32F4xx_HAL_Driver/Src/stm32f4xx_hal.c **** #define IDCODE_DEVID_MASK    0x00000FFFU
  81:Drivers/STM32F4xx_HAL_Driver/Src/stm32f4xx_hal.c **** 
  82:Drivers/STM32F4xx_HAL_Driver/Src/stm32f4xx_hal.c **** /* ------------ RCC registers bit address in the alias region ----------- */
  83:Drivers/STM32F4xx_HAL_Driver/Src/stm32f4xx_hal.c **** #define SYSCFG_OFFSET             (SYSCFG_BASE - PERIPH_BASE)
  84:Drivers/STM32F4xx_HAL_Driver/Src/stm32f4xx_hal.c **** /* ---  MEMRMP Register ---*/ 
  85:Drivers/STM32F4xx_HAL_Driver/Src/stm32f4xx_hal.c **** /* Alias word address of UFB_MODE bit */ 
  86:Drivers/STM32F4xx_HAL_Driver/Src/stm32f4xx_hal.c **** #define MEMRMP_OFFSET             SYSCFG_OFFSET 
  87:Drivers/STM32F4xx_HAL_Driver/Src/stm32f4xx_hal.c **** #define UFB_MODE_BIT_NUMBER       SYSCFG_MEMRMP_UFB_MODE_Pos
ARM GAS  /tmp/cctrEH6k.s 			page 3


  88:Drivers/STM32F4xx_HAL_Driver/Src/stm32f4xx_hal.c **** #define UFB_MODE_BB               (uint32_t)(PERIPH_BB_BASE + (MEMRMP_OFFSET * 32U) + (UFB_MODE_BIT
  89:Drivers/STM32F4xx_HAL_Driver/Src/stm32f4xx_hal.c **** 
  90:Drivers/STM32F4xx_HAL_Driver/Src/stm32f4xx_hal.c **** /* ---  CMPCR Register ---*/ 
  91:Drivers/STM32F4xx_HAL_Driver/Src/stm32f4xx_hal.c **** /* Alias word address of CMP_PD bit */ 
  92:Drivers/STM32F4xx_HAL_Driver/Src/stm32f4xx_hal.c **** #define CMPCR_OFFSET              (SYSCFG_OFFSET + 0x20U) 
  93:Drivers/STM32F4xx_HAL_Driver/Src/stm32f4xx_hal.c **** #define CMP_PD_BIT_NUMBER         SYSCFG_CMPCR_CMP_PD_Pos
  94:Drivers/STM32F4xx_HAL_Driver/Src/stm32f4xx_hal.c **** #define CMPCR_CMP_PD_BB           (uint32_t)(PERIPH_BB_BASE + (CMPCR_OFFSET * 32U) + (CMP_PD_BIT_NU
  95:Drivers/STM32F4xx_HAL_Driver/Src/stm32f4xx_hal.c **** 
  96:Drivers/STM32F4xx_HAL_Driver/Src/stm32f4xx_hal.c **** /* ---  MCHDLYCR Register ---*/ 
  97:Drivers/STM32F4xx_HAL_Driver/Src/stm32f4xx_hal.c **** /* Alias word address of BSCKSEL bit */ 
  98:Drivers/STM32F4xx_HAL_Driver/Src/stm32f4xx_hal.c **** #define MCHDLYCR_OFFSET            (SYSCFG_OFFSET + 0x30U) 
  99:Drivers/STM32F4xx_HAL_Driver/Src/stm32f4xx_hal.c **** #define BSCKSEL_BIT_NUMBER         SYSCFG_MCHDLYCR_BSCKSEL_Pos
 100:Drivers/STM32F4xx_HAL_Driver/Src/stm32f4xx_hal.c **** #define MCHDLYCR_BSCKSEL_BB        (uint32_t)(PERIPH_BB_BASE + (MCHDLYCR_OFFSET * 32U) + (BSCKSEL_B
 101:Drivers/STM32F4xx_HAL_Driver/Src/stm32f4xx_hal.c **** /**
 102:Drivers/STM32F4xx_HAL_Driver/Src/stm32f4xx_hal.c ****   * @}
 103:Drivers/STM32F4xx_HAL_Driver/Src/stm32f4xx_hal.c ****   */
 104:Drivers/STM32F4xx_HAL_Driver/Src/stm32f4xx_hal.c **** 
 105:Drivers/STM32F4xx_HAL_Driver/Src/stm32f4xx_hal.c **** /* Private macro -------------------------------------------------------------*/
 106:Drivers/STM32F4xx_HAL_Driver/Src/stm32f4xx_hal.c **** /* Private variables ---------------------------------------------------------*/
 107:Drivers/STM32F4xx_HAL_Driver/Src/stm32f4xx_hal.c **** /** @addtogroup HAL_Private_Variables
 108:Drivers/STM32F4xx_HAL_Driver/Src/stm32f4xx_hal.c ****   * @{
 109:Drivers/STM32F4xx_HAL_Driver/Src/stm32f4xx_hal.c ****   */
 110:Drivers/STM32F4xx_HAL_Driver/Src/stm32f4xx_hal.c **** __IO uint32_t uwTick;
 111:Drivers/STM32F4xx_HAL_Driver/Src/stm32f4xx_hal.c **** uint32_t uwTickPrio   = (1UL << __NVIC_PRIO_BITS); /* Invalid PRIO */
 112:Drivers/STM32F4xx_HAL_Driver/Src/stm32f4xx_hal.c **** HAL_TickFreqTypeDef uwTickFreq = HAL_TICK_FREQ_DEFAULT;  /* 1KHz */
 113:Drivers/STM32F4xx_HAL_Driver/Src/stm32f4xx_hal.c **** /**
 114:Drivers/STM32F4xx_HAL_Driver/Src/stm32f4xx_hal.c ****   * @}
 115:Drivers/STM32F4xx_HAL_Driver/Src/stm32f4xx_hal.c ****   */
 116:Drivers/STM32F4xx_HAL_Driver/Src/stm32f4xx_hal.c **** /* Private function prototypes -----------------------------------------------*/
 117:Drivers/STM32F4xx_HAL_Driver/Src/stm32f4xx_hal.c **** /* Private functions ---------------------------------------------------------*/
 118:Drivers/STM32F4xx_HAL_Driver/Src/stm32f4xx_hal.c **** 
 119:Drivers/STM32F4xx_HAL_Driver/Src/stm32f4xx_hal.c **** /** @defgroup HAL_Exported_Functions HAL Exported Functions
 120:Drivers/STM32F4xx_HAL_Driver/Src/stm32f4xx_hal.c ****   * @{
 121:Drivers/STM32F4xx_HAL_Driver/Src/stm32f4xx_hal.c ****   */
 122:Drivers/STM32F4xx_HAL_Driver/Src/stm32f4xx_hal.c **** 
 123:Drivers/STM32F4xx_HAL_Driver/Src/stm32f4xx_hal.c **** /** @defgroup HAL_Exported_Functions_Group1 Initialization and de-initialization Functions 
 124:Drivers/STM32F4xx_HAL_Driver/Src/stm32f4xx_hal.c ****  *  @brief    Initialization and de-initialization functions
 125:Drivers/STM32F4xx_HAL_Driver/Src/stm32f4xx_hal.c ****  *
 126:Drivers/STM32F4xx_HAL_Driver/Src/stm32f4xx_hal.c **** @verbatim    
 127:Drivers/STM32F4xx_HAL_Driver/Src/stm32f4xx_hal.c ****  ===============================================================================
 128:Drivers/STM32F4xx_HAL_Driver/Src/stm32f4xx_hal.c ****               ##### Initialization and Configuration functions #####
 129:Drivers/STM32F4xx_HAL_Driver/Src/stm32f4xx_hal.c ****  ===============================================================================
 130:Drivers/STM32F4xx_HAL_Driver/Src/stm32f4xx_hal.c ****     [..]  This section provides functions allowing to:
 131:Drivers/STM32F4xx_HAL_Driver/Src/stm32f4xx_hal.c ****       (+) Initializes the Flash interface the NVIC allocation and initial clock 
 132:Drivers/STM32F4xx_HAL_Driver/Src/stm32f4xx_hal.c ****           configuration. It initializes the systick also when timeout is needed 
 133:Drivers/STM32F4xx_HAL_Driver/Src/stm32f4xx_hal.c ****           and the backup domain when enabled.
 134:Drivers/STM32F4xx_HAL_Driver/Src/stm32f4xx_hal.c ****       (+) De-Initializes common part of the HAL.
 135:Drivers/STM32F4xx_HAL_Driver/Src/stm32f4xx_hal.c ****       (+) Configure the time base source to have 1ms time base with a dedicated 
 136:Drivers/STM32F4xx_HAL_Driver/Src/stm32f4xx_hal.c ****           Tick interrupt priority. 
 137:Drivers/STM32F4xx_HAL_Driver/Src/stm32f4xx_hal.c ****         (++) SysTick timer is used by default as source of time base, but user
 138:Drivers/STM32F4xx_HAL_Driver/Src/stm32f4xx_hal.c ****              can eventually implement his proper time base source (a general purpose 
 139:Drivers/STM32F4xx_HAL_Driver/Src/stm32f4xx_hal.c ****              timer for example or other time source), keeping in mind that Time base 
 140:Drivers/STM32F4xx_HAL_Driver/Src/stm32f4xx_hal.c ****              duration should be kept 1ms since PPP_TIMEOUT_VALUEs are defined and 
 141:Drivers/STM32F4xx_HAL_Driver/Src/stm32f4xx_hal.c ****              handled in milliseconds basis.
 142:Drivers/STM32F4xx_HAL_Driver/Src/stm32f4xx_hal.c ****         (++) Time base configuration function (HAL_InitTick ()) is called automatically 
 143:Drivers/STM32F4xx_HAL_Driver/Src/stm32f4xx_hal.c ****              at the beginning of the program after reset by HAL_Init() or at any time 
 144:Drivers/STM32F4xx_HAL_Driver/Src/stm32f4xx_hal.c ****              when clock is configured, by HAL_RCC_ClockConfig(). 
ARM GAS  /tmp/cctrEH6k.s 			page 4


 145:Drivers/STM32F4xx_HAL_Driver/Src/stm32f4xx_hal.c ****         (++) Source of time base is configured  to generate interrupts at regular 
 146:Drivers/STM32F4xx_HAL_Driver/Src/stm32f4xx_hal.c ****              time intervals. Care must be taken if HAL_Delay() is called from a 
 147:Drivers/STM32F4xx_HAL_Driver/Src/stm32f4xx_hal.c ****              peripheral ISR process, the Tick interrupt line must have higher priority 
 148:Drivers/STM32F4xx_HAL_Driver/Src/stm32f4xx_hal.c ****             (numerically lower) than the peripheral interrupt. Otherwise the caller 
 149:Drivers/STM32F4xx_HAL_Driver/Src/stm32f4xx_hal.c ****             ISR process will be blocked. 
 150:Drivers/STM32F4xx_HAL_Driver/Src/stm32f4xx_hal.c ****        (++) functions affecting time base configurations are declared as __weak  
 151:Drivers/STM32F4xx_HAL_Driver/Src/stm32f4xx_hal.c ****              to make  override possible  in case of other  implementations in user file.
 152:Drivers/STM32F4xx_HAL_Driver/Src/stm32f4xx_hal.c **** @endverbatim
 153:Drivers/STM32F4xx_HAL_Driver/Src/stm32f4xx_hal.c ****   * @{
 154:Drivers/STM32F4xx_HAL_Driver/Src/stm32f4xx_hal.c ****   */
 155:Drivers/STM32F4xx_HAL_Driver/Src/stm32f4xx_hal.c **** 
 156:Drivers/STM32F4xx_HAL_Driver/Src/stm32f4xx_hal.c **** /**
 157:Drivers/STM32F4xx_HAL_Driver/Src/stm32f4xx_hal.c ****   * @brief  This function is used to initialize the HAL Library; it must be the first 
 158:Drivers/STM32F4xx_HAL_Driver/Src/stm32f4xx_hal.c ****   *         instruction to be executed in the main program (before to call any other
 159:Drivers/STM32F4xx_HAL_Driver/Src/stm32f4xx_hal.c ****   *         HAL function), it performs the following:
 160:Drivers/STM32F4xx_HAL_Driver/Src/stm32f4xx_hal.c ****   *           Configure the Flash prefetch, instruction and Data caches.
 161:Drivers/STM32F4xx_HAL_Driver/Src/stm32f4xx_hal.c ****   *           Configures the SysTick to generate an interrupt each 1 millisecond,
 162:Drivers/STM32F4xx_HAL_Driver/Src/stm32f4xx_hal.c ****   *           which is clocked by the HSI (at this stage, the clock is not yet
 163:Drivers/STM32F4xx_HAL_Driver/Src/stm32f4xx_hal.c ****   *           configured and thus the system is running from the internal HSI at 16 MHz).
 164:Drivers/STM32F4xx_HAL_Driver/Src/stm32f4xx_hal.c ****   *           Set NVIC Group Priority to 4.
 165:Drivers/STM32F4xx_HAL_Driver/Src/stm32f4xx_hal.c ****   *           Calls the HAL_MspInit() callback function defined in user file 
 166:Drivers/STM32F4xx_HAL_Driver/Src/stm32f4xx_hal.c ****   *           "stm32f4xx_hal_msp.c" to do the global low level hardware initialization 
 167:Drivers/STM32F4xx_HAL_Driver/Src/stm32f4xx_hal.c ****   *            
 168:Drivers/STM32F4xx_HAL_Driver/Src/stm32f4xx_hal.c ****   * @note   SysTick is used as time base for the HAL_Delay() function, the application
 169:Drivers/STM32F4xx_HAL_Driver/Src/stm32f4xx_hal.c ****   *         need to ensure that the SysTick time base is always set to 1 millisecond
 170:Drivers/STM32F4xx_HAL_Driver/Src/stm32f4xx_hal.c ****   *         to have correct HAL operation.
 171:Drivers/STM32F4xx_HAL_Driver/Src/stm32f4xx_hal.c ****   * @retval HAL status
 172:Drivers/STM32F4xx_HAL_Driver/Src/stm32f4xx_hal.c ****   */
 173:Drivers/STM32F4xx_HAL_Driver/Src/stm32f4xx_hal.c **** HAL_StatusTypeDef HAL_Init(void)
 174:Drivers/STM32F4xx_HAL_Driver/Src/stm32f4xx_hal.c **** {
 175:Drivers/STM32F4xx_HAL_Driver/Src/stm32f4xx_hal.c ****   /* Configure Flash prefetch, Instruction cache, Data cache */ 
 176:Drivers/STM32F4xx_HAL_Driver/Src/stm32f4xx_hal.c **** #if (INSTRUCTION_CACHE_ENABLE != 0U)
 177:Drivers/STM32F4xx_HAL_Driver/Src/stm32f4xx_hal.c ****   __HAL_FLASH_INSTRUCTION_CACHE_ENABLE();
 178:Drivers/STM32F4xx_HAL_Driver/Src/stm32f4xx_hal.c **** #endif /* INSTRUCTION_CACHE_ENABLE */
 179:Drivers/STM32F4xx_HAL_Driver/Src/stm32f4xx_hal.c **** 
 180:Drivers/STM32F4xx_HAL_Driver/Src/stm32f4xx_hal.c **** #if (DATA_CACHE_ENABLE != 0U)
 181:Drivers/STM32F4xx_HAL_Driver/Src/stm32f4xx_hal.c ****   __HAL_FLASH_DATA_CACHE_ENABLE();
 182:Drivers/STM32F4xx_HAL_Driver/Src/stm32f4xx_hal.c **** #endif /* DATA_CACHE_ENABLE */
 183:Drivers/STM32F4xx_HAL_Driver/Src/stm32f4xx_hal.c **** 
 184:Drivers/STM32F4xx_HAL_Driver/Src/stm32f4xx_hal.c **** #if (PREFETCH_ENABLE != 0U)
 185:Drivers/STM32F4xx_HAL_Driver/Src/stm32f4xx_hal.c ****   __HAL_FLASH_PREFETCH_BUFFER_ENABLE();
 186:Drivers/STM32F4xx_HAL_Driver/Src/stm32f4xx_hal.c **** #endif /* PREFETCH_ENABLE */
 187:Drivers/STM32F4xx_HAL_Driver/Src/stm32f4xx_hal.c **** 
 188:Drivers/STM32F4xx_HAL_Driver/Src/stm32f4xx_hal.c ****   /* Set Interrupt Group Priority */
 189:Drivers/STM32F4xx_HAL_Driver/Src/stm32f4xx_hal.c ****   HAL_NVIC_SetPriorityGrouping(NVIC_PRIORITYGROUP_4);
 190:Drivers/STM32F4xx_HAL_Driver/Src/stm32f4xx_hal.c **** 
 191:Drivers/STM32F4xx_HAL_Driver/Src/stm32f4xx_hal.c ****   /* Use systick as time base source and configure 1ms tick (default clock after Reset is HSI) */
 192:Drivers/STM32F4xx_HAL_Driver/Src/stm32f4xx_hal.c ****   HAL_InitTick(TICK_INT_PRIORITY);
 193:Drivers/STM32F4xx_HAL_Driver/Src/stm32f4xx_hal.c **** 
 194:Drivers/STM32F4xx_HAL_Driver/Src/stm32f4xx_hal.c ****   /* Init the low level hardware */
 195:Drivers/STM32F4xx_HAL_Driver/Src/stm32f4xx_hal.c ****   HAL_MspInit();
 196:Drivers/STM32F4xx_HAL_Driver/Src/stm32f4xx_hal.c **** 
 197:Drivers/STM32F4xx_HAL_Driver/Src/stm32f4xx_hal.c ****   /* Return function status */
 198:Drivers/STM32F4xx_HAL_Driver/Src/stm32f4xx_hal.c ****   return HAL_OK;
 199:Drivers/STM32F4xx_HAL_Driver/Src/stm32f4xx_hal.c **** }
 200:Drivers/STM32F4xx_HAL_Driver/Src/stm32f4xx_hal.c **** 
 201:Drivers/STM32F4xx_HAL_Driver/Src/stm32f4xx_hal.c **** /**
ARM GAS  /tmp/cctrEH6k.s 			page 5


 202:Drivers/STM32F4xx_HAL_Driver/Src/stm32f4xx_hal.c ****   * @brief  This function de-Initializes common part of the HAL and stops the systick.
 203:Drivers/STM32F4xx_HAL_Driver/Src/stm32f4xx_hal.c ****   *         This function is optional.   
 204:Drivers/STM32F4xx_HAL_Driver/Src/stm32f4xx_hal.c ****   * @retval HAL status
 205:Drivers/STM32F4xx_HAL_Driver/Src/stm32f4xx_hal.c ****   */
 206:Drivers/STM32F4xx_HAL_Driver/Src/stm32f4xx_hal.c **** HAL_StatusTypeDef HAL_DeInit(void)
 207:Drivers/STM32F4xx_HAL_Driver/Src/stm32f4xx_hal.c **** {
 208:Drivers/STM32F4xx_HAL_Driver/Src/stm32f4xx_hal.c ****   /* Reset of all peripherals */
 209:Drivers/STM32F4xx_HAL_Driver/Src/stm32f4xx_hal.c ****   __HAL_RCC_APB1_FORCE_RESET();
 210:Drivers/STM32F4xx_HAL_Driver/Src/stm32f4xx_hal.c ****   __HAL_RCC_APB1_RELEASE_RESET();
 211:Drivers/STM32F4xx_HAL_Driver/Src/stm32f4xx_hal.c **** 
 212:Drivers/STM32F4xx_HAL_Driver/Src/stm32f4xx_hal.c ****   __HAL_RCC_APB2_FORCE_RESET();
 213:Drivers/STM32F4xx_HAL_Driver/Src/stm32f4xx_hal.c ****   __HAL_RCC_APB2_RELEASE_RESET();
 214:Drivers/STM32F4xx_HAL_Driver/Src/stm32f4xx_hal.c **** 
 215:Drivers/STM32F4xx_HAL_Driver/Src/stm32f4xx_hal.c ****   __HAL_RCC_AHB1_FORCE_RESET();
 216:Drivers/STM32F4xx_HAL_Driver/Src/stm32f4xx_hal.c ****   __HAL_RCC_AHB1_RELEASE_RESET();
 217:Drivers/STM32F4xx_HAL_Driver/Src/stm32f4xx_hal.c **** 
 218:Drivers/STM32F4xx_HAL_Driver/Src/stm32f4xx_hal.c ****   __HAL_RCC_AHB2_FORCE_RESET();
 219:Drivers/STM32F4xx_HAL_Driver/Src/stm32f4xx_hal.c ****   __HAL_RCC_AHB2_RELEASE_RESET();
 220:Drivers/STM32F4xx_HAL_Driver/Src/stm32f4xx_hal.c **** 
 221:Drivers/STM32F4xx_HAL_Driver/Src/stm32f4xx_hal.c ****   __HAL_RCC_AHB3_FORCE_RESET();
 222:Drivers/STM32F4xx_HAL_Driver/Src/stm32f4xx_hal.c ****   __HAL_RCC_AHB3_RELEASE_RESET();
 223:Drivers/STM32F4xx_HAL_Driver/Src/stm32f4xx_hal.c **** 
 224:Drivers/STM32F4xx_HAL_Driver/Src/stm32f4xx_hal.c ****   /* De-Init the low level hardware */
 225:Drivers/STM32F4xx_HAL_Driver/Src/stm32f4xx_hal.c ****   HAL_MspDeInit();
 226:Drivers/STM32F4xx_HAL_Driver/Src/stm32f4xx_hal.c ****     
 227:Drivers/STM32F4xx_HAL_Driver/Src/stm32f4xx_hal.c ****   /* Return function status */
 228:Drivers/STM32F4xx_HAL_Driver/Src/stm32f4xx_hal.c ****   return HAL_OK;
 229:Drivers/STM32F4xx_HAL_Driver/Src/stm32f4xx_hal.c **** }
 230:Drivers/STM32F4xx_HAL_Driver/Src/stm32f4xx_hal.c **** 
 231:Drivers/STM32F4xx_HAL_Driver/Src/stm32f4xx_hal.c **** /**
 232:Drivers/STM32F4xx_HAL_Driver/Src/stm32f4xx_hal.c ****   * @brief  Initialize the MSP.
 233:Drivers/STM32F4xx_HAL_Driver/Src/stm32f4xx_hal.c ****   * @retval None
 234:Drivers/STM32F4xx_HAL_Driver/Src/stm32f4xx_hal.c ****   */
 235:Drivers/STM32F4xx_HAL_Driver/Src/stm32f4xx_hal.c **** __weak void HAL_MspInit(void)
 236:Drivers/STM32F4xx_HAL_Driver/Src/stm32f4xx_hal.c **** {
  29              		.loc 1 236 0
  30              		.cfi_startproc
  31              		@ args = 0, pretend = 0, frame = 0
  32              		@ frame_needed = 0, uses_anonymous_args = 0
  33              		@ link register save eliminated.
  34 0000 7047     		bx	lr
  35              		.cfi_endproc
  36              	.LFE125:
  38 0002 00BF     		.section	.text.HAL_MspDeInit,"ax",%progbits
  39              		.align	2
  40              		.weak	HAL_MspDeInit
  41              		.thumb
  42              		.thumb_func
  44              	HAL_MspDeInit:
  45              	.LFB126:
 237:Drivers/STM32F4xx_HAL_Driver/Src/stm32f4xx_hal.c ****   /* NOTE : This function should not be modified, when the callback is needed,
 238:Drivers/STM32F4xx_HAL_Driver/Src/stm32f4xx_hal.c ****             the HAL_MspInit could be implemented in the user file
 239:Drivers/STM32F4xx_HAL_Driver/Src/stm32f4xx_hal.c ****    */
 240:Drivers/STM32F4xx_HAL_Driver/Src/stm32f4xx_hal.c **** }
 241:Drivers/STM32F4xx_HAL_Driver/Src/stm32f4xx_hal.c **** 
 242:Drivers/STM32F4xx_HAL_Driver/Src/stm32f4xx_hal.c **** /**
 243:Drivers/STM32F4xx_HAL_Driver/Src/stm32f4xx_hal.c ****   * @brief  DeInitializes the MSP.
ARM GAS  /tmp/cctrEH6k.s 			page 6


 244:Drivers/STM32F4xx_HAL_Driver/Src/stm32f4xx_hal.c ****   * @retval None
 245:Drivers/STM32F4xx_HAL_Driver/Src/stm32f4xx_hal.c ****   */
 246:Drivers/STM32F4xx_HAL_Driver/Src/stm32f4xx_hal.c **** __weak void HAL_MspDeInit(void)
 247:Drivers/STM32F4xx_HAL_Driver/Src/stm32f4xx_hal.c **** {
  46              		.loc 1 247 0
  47              		.cfi_startproc
  48              		@ args = 0, pretend = 0, frame = 0
  49              		@ frame_needed = 0, uses_anonymous_args = 0
  50              		@ link register save eliminated.
  51 0000 7047     		bx	lr
  52              		.cfi_endproc
  53              	.LFE126:
  55 0002 00BF     		.section	.text.HAL_DeInit,"ax",%progbits
  56              		.align	2
  57              		.global	HAL_DeInit
  58              		.thumb
  59              		.thumb_func
  61              	HAL_DeInit:
  62              	.LFB124:
 207:Drivers/STM32F4xx_HAL_Driver/Src/stm32f4xx_hal.c ****   /* Reset of all peripherals */
  63              		.loc 1 207 0
  64              		.cfi_startproc
  65              		@ args = 0, pretend = 0, frame = 0
  66              		@ frame_needed = 0, uses_anonymous_args = 0
 207:Drivers/STM32F4xx_HAL_Driver/Src/stm32f4xx_hal.c ****   /* Reset of all peripherals */
  67              		.loc 1 207 0
  68 0000 10B5     		push	{r4, lr}
  69              	.LCFI0:
  70              		.cfi_def_cfa_offset 8
  71              		.cfi_offset 4, -8
  72              		.cfi_offset 14, -4
 209:Drivers/STM32F4xx_HAL_Driver/Src/stm32f4xx_hal.c ****   __HAL_RCC_APB1_RELEASE_RESET();
  73              		.loc 1 209 0
  74 0002 094B     		ldr	r3, .L5
  75 0004 4FF0FF32 		mov	r2, #-1
  76 0008 1A62     		str	r2, [r3, #32]
 210:Drivers/STM32F4xx_HAL_Driver/Src/stm32f4xx_hal.c **** 
  77              		.loc 1 210 0
  78 000a 0024     		movs	r4, #0
  79 000c 1C62     		str	r4, [r3, #32]
 212:Drivers/STM32F4xx_HAL_Driver/Src/stm32f4xx_hal.c ****   __HAL_RCC_APB2_RELEASE_RESET();
  80              		.loc 1 212 0
  81 000e 5A62     		str	r2, [r3, #36]
 213:Drivers/STM32F4xx_HAL_Driver/Src/stm32f4xx_hal.c **** 
  82              		.loc 1 213 0
  83 0010 5C62     		str	r4, [r3, #36]
 215:Drivers/STM32F4xx_HAL_Driver/Src/stm32f4xx_hal.c ****   __HAL_RCC_AHB1_RELEASE_RESET();
  84              		.loc 1 215 0
  85 0012 1A61     		str	r2, [r3, #16]
 216:Drivers/STM32F4xx_HAL_Driver/Src/stm32f4xx_hal.c **** 
  86              		.loc 1 216 0
  87 0014 1C61     		str	r4, [r3, #16]
 218:Drivers/STM32F4xx_HAL_Driver/Src/stm32f4xx_hal.c ****   __HAL_RCC_AHB2_RELEASE_RESET();
  88              		.loc 1 218 0
  89 0016 5A61     		str	r2, [r3, #20]
 219:Drivers/STM32F4xx_HAL_Driver/Src/stm32f4xx_hal.c **** 
  90              		.loc 1 219 0
ARM GAS  /tmp/cctrEH6k.s 			page 7


  91 0018 5C61     		str	r4, [r3, #20]
 221:Drivers/STM32F4xx_HAL_Driver/Src/stm32f4xx_hal.c ****   __HAL_RCC_AHB3_RELEASE_RESET();
  92              		.loc 1 221 0
  93 001a 9A61     		str	r2, [r3, #24]
 222:Drivers/STM32F4xx_HAL_Driver/Src/stm32f4xx_hal.c **** 
  94              		.loc 1 222 0
  95 001c 9C61     		str	r4, [r3, #24]
 225:Drivers/STM32F4xx_HAL_Driver/Src/stm32f4xx_hal.c ****     
  96              		.loc 1 225 0
  97 001e FFF7FEFF 		bl	HAL_MspDeInit
  98              	.LVL0:
 229:Drivers/STM32F4xx_HAL_Driver/Src/stm32f4xx_hal.c **** 
  99              		.loc 1 229 0
 100 0022 2046     		mov	r0, r4
 101 0024 10BD     		pop	{r4, pc}
 102              	.L6:
 103 0026 00BF     		.align	2
 104              	.L5:
 105 0028 00380240 		.word	1073887232
 106              		.cfi_endproc
 107              	.LFE124:
 109              		.section	.text.HAL_InitTick,"ax",%progbits
 110              		.align	2
 111              		.weak	HAL_InitTick
 112              		.thumb
 113              		.thumb_func
 115              	HAL_InitTick:
 116              	.LFB127:
 248:Drivers/STM32F4xx_HAL_Driver/Src/stm32f4xx_hal.c ****   /* NOTE : This function should not be modified, when the callback is needed,
 249:Drivers/STM32F4xx_HAL_Driver/Src/stm32f4xx_hal.c ****             the HAL_MspDeInit could be implemented in the user file
 250:Drivers/STM32F4xx_HAL_Driver/Src/stm32f4xx_hal.c ****    */ 
 251:Drivers/STM32F4xx_HAL_Driver/Src/stm32f4xx_hal.c **** }
 252:Drivers/STM32F4xx_HAL_Driver/Src/stm32f4xx_hal.c **** 
 253:Drivers/STM32F4xx_HAL_Driver/Src/stm32f4xx_hal.c **** /**
 254:Drivers/STM32F4xx_HAL_Driver/Src/stm32f4xx_hal.c ****   * @brief This function configures the source of the time base.
 255:Drivers/STM32F4xx_HAL_Driver/Src/stm32f4xx_hal.c ****   *        The time source is configured  to have 1ms time base with a dedicated 
 256:Drivers/STM32F4xx_HAL_Driver/Src/stm32f4xx_hal.c ****   *        Tick interrupt priority.
 257:Drivers/STM32F4xx_HAL_Driver/Src/stm32f4xx_hal.c ****   * @note This function is called  automatically at the beginning of program after
 258:Drivers/STM32F4xx_HAL_Driver/Src/stm32f4xx_hal.c ****   *       reset by HAL_Init() or at any time when clock is reconfigured  by HAL_RCC_ClockConfig().
 259:Drivers/STM32F4xx_HAL_Driver/Src/stm32f4xx_hal.c ****   * @note In the default implementation, SysTick timer is the source of time base. 
 260:Drivers/STM32F4xx_HAL_Driver/Src/stm32f4xx_hal.c ****   *       It is used to generate interrupts at regular time intervals. 
 261:Drivers/STM32F4xx_HAL_Driver/Src/stm32f4xx_hal.c ****   *       Care must be taken if HAL_Delay() is called from a peripheral ISR process, 
 262:Drivers/STM32F4xx_HAL_Driver/Src/stm32f4xx_hal.c ****   *       The SysTick interrupt must have higher priority (numerically lower)
 263:Drivers/STM32F4xx_HAL_Driver/Src/stm32f4xx_hal.c ****   *       than the peripheral interrupt. Otherwise the caller ISR process will be blocked.
 264:Drivers/STM32F4xx_HAL_Driver/Src/stm32f4xx_hal.c ****   *       The function is declared as __weak  to be overwritten  in case of other
 265:Drivers/STM32F4xx_HAL_Driver/Src/stm32f4xx_hal.c ****   *       implementation  in user file.
 266:Drivers/STM32F4xx_HAL_Driver/Src/stm32f4xx_hal.c ****   * @param TickPriority Tick interrupt priority.
 267:Drivers/STM32F4xx_HAL_Driver/Src/stm32f4xx_hal.c ****   * @retval HAL status
 268:Drivers/STM32F4xx_HAL_Driver/Src/stm32f4xx_hal.c ****   */
 269:Drivers/STM32F4xx_HAL_Driver/Src/stm32f4xx_hal.c **** __weak HAL_StatusTypeDef HAL_InitTick(uint32_t TickPriority)
 270:Drivers/STM32F4xx_HAL_Driver/Src/stm32f4xx_hal.c **** {
 117              		.loc 1 270 0
 118              		.cfi_startproc
 119              		@ args = 0, pretend = 0, frame = 0
 120              		@ frame_needed = 0, uses_anonymous_args = 0
 121              	.LVL1:
 122 0000 10B5     		push	{r4, lr}
ARM GAS  /tmp/cctrEH6k.s 			page 8


 123              	.LCFI1:
 124              		.cfi_def_cfa_offset 8
 125              		.cfi_offset 4, -8
 126              		.cfi_offset 14, -4
 127 0002 0446     		mov	r4, r0
 271:Drivers/STM32F4xx_HAL_Driver/Src/stm32f4xx_hal.c ****   /* Configure the SysTick to have interrupt in 1ms time basis*/
 272:Drivers/STM32F4xx_HAL_Driver/Src/stm32f4xx_hal.c ****   if (HAL_SYSTICK_Config(SystemCoreClock / (1000U / uwTickFreq)) > 0U)
 128              		.loc 1 272 0
 129 0004 0E4B     		ldr	r3, .L12
 130 0006 1878     		ldrb	r0, [r3]	@ zero_extendqisi2
 131              	.LVL2:
 132 0008 4FF47A73 		mov	r3, #1000
 133 000c B3FBF0F3 		udiv	r3, r3, r0
 134 0010 0C4A     		ldr	r2, .L12+4
 135 0012 1068     		ldr	r0, [r2]
 136 0014 B0FBF3F0 		udiv	r0, r0, r3
 137 0018 FFF7FEFF 		bl	HAL_SYSTICK_Config
 138              	.LVL3:
 139 001c 58B9     		cbnz	r0, .L9
 273:Drivers/STM32F4xx_HAL_Driver/Src/stm32f4xx_hal.c ****   {
 274:Drivers/STM32F4xx_HAL_Driver/Src/stm32f4xx_hal.c ****     return HAL_ERROR;
 275:Drivers/STM32F4xx_HAL_Driver/Src/stm32f4xx_hal.c ****   }
 276:Drivers/STM32F4xx_HAL_Driver/Src/stm32f4xx_hal.c **** 
 277:Drivers/STM32F4xx_HAL_Driver/Src/stm32f4xx_hal.c ****   /* Configure the SysTick IRQ priority */
 278:Drivers/STM32F4xx_HAL_Driver/Src/stm32f4xx_hal.c ****   if (TickPriority < (1UL << __NVIC_PRIO_BITS))
 140              		.loc 1 278 0
 141 001e 0F2C     		cmp	r4, #15
 142 0020 0BD8     		bhi	.L10
 279:Drivers/STM32F4xx_HAL_Driver/Src/stm32f4xx_hal.c ****   {
 280:Drivers/STM32F4xx_HAL_Driver/Src/stm32f4xx_hal.c ****     HAL_NVIC_SetPriority(SysTick_IRQn, TickPriority, 0U);
 143              		.loc 1 280 0
 144 0022 4FF0FF30 		mov	r0, #-1
 145 0026 2146     		mov	r1, r4
 146 0028 0022     		movs	r2, #0
 147 002a FFF7FEFF 		bl	HAL_NVIC_SetPriority
 148              	.LVL4:
 281:Drivers/STM32F4xx_HAL_Driver/Src/stm32f4xx_hal.c ****     uwTickPrio = TickPriority;
 149              		.loc 1 281 0
 150 002e 064B     		ldr	r3, .L12+8
 151 0030 1C60     		str	r4, [r3]
 282:Drivers/STM32F4xx_HAL_Driver/Src/stm32f4xx_hal.c ****   }
 283:Drivers/STM32F4xx_HAL_Driver/Src/stm32f4xx_hal.c ****   else
 284:Drivers/STM32F4xx_HAL_Driver/Src/stm32f4xx_hal.c ****   {
 285:Drivers/STM32F4xx_HAL_Driver/Src/stm32f4xx_hal.c ****     return HAL_ERROR;
 286:Drivers/STM32F4xx_HAL_Driver/Src/stm32f4xx_hal.c ****   }
 287:Drivers/STM32F4xx_HAL_Driver/Src/stm32f4xx_hal.c **** 
 288:Drivers/STM32F4xx_HAL_Driver/Src/stm32f4xx_hal.c ****   /* Return function status */
 289:Drivers/STM32F4xx_HAL_Driver/Src/stm32f4xx_hal.c ****   return HAL_OK;
 152              		.loc 1 289 0
 153 0032 0020     		movs	r0, #0
 154 0034 10BD     		pop	{r4, pc}
 155              	.LVL5:
 156              	.L9:
 274:Drivers/STM32F4xx_HAL_Driver/Src/stm32f4xx_hal.c ****   }
 157              		.loc 1 274 0
 158 0036 0120     		movs	r0, #1
 159 0038 10BD     		pop	{r4, pc}
ARM GAS  /tmp/cctrEH6k.s 			page 9


 160              	.LVL6:
 161              	.L10:
 285:Drivers/STM32F4xx_HAL_Driver/Src/stm32f4xx_hal.c ****   }
 162              		.loc 1 285 0
 163 003a 0120     		movs	r0, #1
 290:Drivers/STM32F4xx_HAL_Driver/Src/stm32f4xx_hal.c **** }
 164              		.loc 1 290 0
 165 003c 10BD     		pop	{r4, pc}
 166              	.LVL7:
 167              	.L13:
 168 003e 00BF     		.align	2
 169              	.L12:
 170 0040 00000000 		.word	.LANCHOR0
 171 0044 00000000 		.word	SystemCoreClock
 172 0048 00000000 		.word	.LANCHOR1
 173              		.cfi_endproc
 174              	.LFE127:
 176              		.section	.text.HAL_Init,"ax",%progbits
 177              		.align	2
 178              		.global	HAL_Init
 179              		.thumb
 180              		.thumb_func
 182              	HAL_Init:
 183              	.LFB123:
 174:Drivers/STM32F4xx_HAL_Driver/Src/stm32f4xx_hal.c ****   /* Configure Flash prefetch, Instruction cache, Data cache */ 
 184              		.loc 1 174 0
 185              		.cfi_startproc
 186              		@ args = 0, pretend = 0, frame = 0
 187              		@ frame_needed = 0, uses_anonymous_args = 0
 188 0000 08B5     		push	{r3, lr}
 189              	.LCFI2:
 190              		.cfi_def_cfa_offset 8
 191              		.cfi_offset 3, -8
 192              		.cfi_offset 14, -4
 177:Drivers/STM32F4xx_HAL_Driver/Src/stm32f4xx_hal.c **** #endif /* INSTRUCTION_CACHE_ENABLE */
 193              		.loc 1 177 0
 194 0002 0B4B     		ldr	r3, .L16
 195 0004 1A68     		ldr	r2, [r3]
 196 0006 42F40072 		orr	r2, r2, #512
 197 000a 1A60     		str	r2, [r3]
 181:Drivers/STM32F4xx_HAL_Driver/Src/stm32f4xx_hal.c **** #endif /* DATA_CACHE_ENABLE */
 198              		.loc 1 181 0
 199 000c 1A68     		ldr	r2, [r3]
 200 000e 42F48062 		orr	r2, r2, #1024
 201 0012 1A60     		str	r2, [r3]
 185:Drivers/STM32F4xx_HAL_Driver/Src/stm32f4xx_hal.c **** #endif /* PREFETCH_ENABLE */
 202              		.loc 1 185 0
 203 0014 1A68     		ldr	r2, [r3]
 204 0016 42F48072 		orr	r2, r2, #256
 205 001a 1A60     		str	r2, [r3]
 189:Drivers/STM32F4xx_HAL_Driver/Src/stm32f4xx_hal.c **** 
 206              		.loc 1 189 0
 207 001c 0320     		movs	r0, #3
 208 001e FFF7FEFF 		bl	HAL_NVIC_SetPriorityGrouping
 209              	.LVL8:
 192:Drivers/STM32F4xx_HAL_Driver/Src/stm32f4xx_hal.c **** 
 210              		.loc 1 192 0
ARM GAS  /tmp/cctrEH6k.s 			page 10


 211 0022 0020     		movs	r0, #0
 212 0024 FFF7FEFF 		bl	HAL_InitTick
 213              	.LVL9:
 195:Drivers/STM32F4xx_HAL_Driver/Src/stm32f4xx_hal.c **** 
 214              		.loc 1 195 0
 215 0028 FFF7FEFF 		bl	HAL_MspInit
 216              	.LVL10:
 199:Drivers/STM32F4xx_HAL_Driver/Src/stm32f4xx_hal.c **** 
 217              		.loc 1 199 0
 218 002c 0020     		movs	r0, #0
 219 002e 08BD     		pop	{r3, pc}
 220              	.L17:
 221              		.align	2
 222              	.L16:
 223 0030 003C0240 		.word	1073888256
 224              		.cfi_endproc
 225              	.LFE123:
 227              		.section	.text.HAL_IncTick,"ax",%progbits
 228              		.align	2
 229              		.weak	HAL_IncTick
 230              		.thumb
 231              		.thumb_func
 233              	HAL_IncTick:
 234              	.LFB128:
 291:Drivers/STM32F4xx_HAL_Driver/Src/stm32f4xx_hal.c **** 
 292:Drivers/STM32F4xx_HAL_Driver/Src/stm32f4xx_hal.c **** /**
 293:Drivers/STM32F4xx_HAL_Driver/Src/stm32f4xx_hal.c ****   * @}
 294:Drivers/STM32F4xx_HAL_Driver/Src/stm32f4xx_hal.c ****   */
 295:Drivers/STM32F4xx_HAL_Driver/Src/stm32f4xx_hal.c **** 
 296:Drivers/STM32F4xx_HAL_Driver/Src/stm32f4xx_hal.c **** /** @defgroup HAL_Exported_Functions_Group2 HAL Control functions 
 297:Drivers/STM32F4xx_HAL_Driver/Src/stm32f4xx_hal.c ****  *  @brief    HAL Control functions
 298:Drivers/STM32F4xx_HAL_Driver/Src/stm32f4xx_hal.c ****  *
 299:Drivers/STM32F4xx_HAL_Driver/Src/stm32f4xx_hal.c **** @verbatim
 300:Drivers/STM32F4xx_HAL_Driver/Src/stm32f4xx_hal.c ****  ===============================================================================
 301:Drivers/STM32F4xx_HAL_Driver/Src/stm32f4xx_hal.c ****                       ##### HAL Control functions #####
 302:Drivers/STM32F4xx_HAL_Driver/Src/stm32f4xx_hal.c ****  ===============================================================================
 303:Drivers/STM32F4xx_HAL_Driver/Src/stm32f4xx_hal.c ****     [..]  This section provides functions allowing to:
 304:Drivers/STM32F4xx_HAL_Driver/Src/stm32f4xx_hal.c ****       (+) Provide a tick value in millisecond
 305:Drivers/STM32F4xx_HAL_Driver/Src/stm32f4xx_hal.c ****       (+) Provide a blocking delay in millisecond
 306:Drivers/STM32F4xx_HAL_Driver/Src/stm32f4xx_hal.c ****       (+) Suspend the time base source interrupt
 307:Drivers/STM32F4xx_HAL_Driver/Src/stm32f4xx_hal.c ****       (+) Resume the time base source interrupt
 308:Drivers/STM32F4xx_HAL_Driver/Src/stm32f4xx_hal.c ****       (+) Get the HAL API driver version
 309:Drivers/STM32F4xx_HAL_Driver/Src/stm32f4xx_hal.c ****       (+) Get the device identifier
 310:Drivers/STM32F4xx_HAL_Driver/Src/stm32f4xx_hal.c ****       (+) Get the device revision identifier
 311:Drivers/STM32F4xx_HAL_Driver/Src/stm32f4xx_hal.c ****       (+) Enable/Disable Debug module during SLEEP mode
 312:Drivers/STM32F4xx_HAL_Driver/Src/stm32f4xx_hal.c ****       (+) Enable/Disable Debug module during STOP mode
 313:Drivers/STM32F4xx_HAL_Driver/Src/stm32f4xx_hal.c ****       (+) Enable/Disable Debug module during STANDBY mode
 314:Drivers/STM32F4xx_HAL_Driver/Src/stm32f4xx_hal.c **** 
 315:Drivers/STM32F4xx_HAL_Driver/Src/stm32f4xx_hal.c **** @endverbatim
 316:Drivers/STM32F4xx_HAL_Driver/Src/stm32f4xx_hal.c ****   * @{
 317:Drivers/STM32F4xx_HAL_Driver/Src/stm32f4xx_hal.c ****   */
 318:Drivers/STM32F4xx_HAL_Driver/Src/stm32f4xx_hal.c **** 
 319:Drivers/STM32F4xx_HAL_Driver/Src/stm32f4xx_hal.c **** /**
 320:Drivers/STM32F4xx_HAL_Driver/Src/stm32f4xx_hal.c ****   * @brief This function is called to increment  a global variable "uwTick"
 321:Drivers/STM32F4xx_HAL_Driver/Src/stm32f4xx_hal.c ****   *        used as application time base.
 322:Drivers/STM32F4xx_HAL_Driver/Src/stm32f4xx_hal.c ****   * @note In the default implementation, this variable is incremented each 1ms
 323:Drivers/STM32F4xx_HAL_Driver/Src/stm32f4xx_hal.c ****   *       in SysTick ISR.
ARM GAS  /tmp/cctrEH6k.s 			page 11


 324:Drivers/STM32F4xx_HAL_Driver/Src/stm32f4xx_hal.c ****  * @note This function is declared as __weak to be overwritten in case of other 
 325:Drivers/STM32F4xx_HAL_Driver/Src/stm32f4xx_hal.c ****   *      implementations in user file.
 326:Drivers/STM32F4xx_HAL_Driver/Src/stm32f4xx_hal.c ****   * @retval None
 327:Drivers/STM32F4xx_HAL_Driver/Src/stm32f4xx_hal.c ****   */
 328:Drivers/STM32F4xx_HAL_Driver/Src/stm32f4xx_hal.c **** __weak void HAL_IncTick(void)
 329:Drivers/STM32F4xx_HAL_Driver/Src/stm32f4xx_hal.c **** {
 235              		.loc 1 329 0
 236              		.cfi_startproc
 237              		@ args = 0, pretend = 0, frame = 0
 238              		@ frame_needed = 0, uses_anonymous_args = 0
 239              		@ link register save eliminated.
 330:Drivers/STM32F4xx_HAL_Driver/Src/stm32f4xx_hal.c ****   uwTick += uwTickFreq;
 240              		.loc 1 330 0
 241 0000 034A     		ldr	r2, .L19
 242 0002 1368     		ldr	r3, [r2]
 243 0004 0349     		ldr	r1, .L19+4
 244 0006 0978     		ldrb	r1, [r1]	@ zero_extendqisi2
 245 0008 0B44     		add	r3, r3, r1
 246 000a 1360     		str	r3, [r2]
 247 000c 7047     		bx	lr
 248              	.L20:
 249 000e 00BF     		.align	2
 250              	.L19:
 251 0010 00000000 		.word	uwTick
 252 0014 00000000 		.word	.LANCHOR0
 253              		.cfi_endproc
 254              	.LFE128:
 256              		.section	.text.HAL_GetTick,"ax",%progbits
 257              		.align	2
 258              		.weak	HAL_GetTick
 259              		.thumb
 260              		.thumb_func
 262              	HAL_GetTick:
 263              	.LFB129:
 331:Drivers/STM32F4xx_HAL_Driver/Src/stm32f4xx_hal.c **** }
 332:Drivers/STM32F4xx_HAL_Driver/Src/stm32f4xx_hal.c **** 
 333:Drivers/STM32F4xx_HAL_Driver/Src/stm32f4xx_hal.c **** /**
 334:Drivers/STM32F4xx_HAL_Driver/Src/stm32f4xx_hal.c ****   * @brief Provides a tick value in millisecond.
 335:Drivers/STM32F4xx_HAL_Driver/Src/stm32f4xx_hal.c ****   * @note This function is declared as __weak to be overwritten in case of other 
 336:Drivers/STM32F4xx_HAL_Driver/Src/stm32f4xx_hal.c ****   *       implementations in user file.
 337:Drivers/STM32F4xx_HAL_Driver/Src/stm32f4xx_hal.c ****   * @retval tick value
 338:Drivers/STM32F4xx_HAL_Driver/Src/stm32f4xx_hal.c ****   */
 339:Drivers/STM32F4xx_HAL_Driver/Src/stm32f4xx_hal.c **** __weak uint32_t HAL_GetTick(void)
 340:Drivers/STM32F4xx_HAL_Driver/Src/stm32f4xx_hal.c **** {
 264              		.loc 1 340 0
 265              		.cfi_startproc
 266              		@ args = 0, pretend = 0, frame = 0
 267              		@ frame_needed = 0, uses_anonymous_args = 0
 268              		@ link register save eliminated.
 341:Drivers/STM32F4xx_HAL_Driver/Src/stm32f4xx_hal.c ****   return uwTick;
 269              		.loc 1 341 0
 270 0000 014B     		ldr	r3, .L22
 271 0002 1868     		ldr	r0, [r3]
 342:Drivers/STM32F4xx_HAL_Driver/Src/stm32f4xx_hal.c **** }
 272              		.loc 1 342 0
 273 0004 7047     		bx	lr
 274              	.L23:
ARM GAS  /tmp/cctrEH6k.s 			page 12


 275 0006 00BF     		.align	2
 276              	.L22:
 277 0008 00000000 		.word	uwTick
 278              		.cfi_endproc
 279              	.LFE129:
 281              		.section	.text.HAL_GetTickPrio,"ax",%progbits
 282              		.align	2
 283              		.global	HAL_GetTickPrio
 284              		.thumb
 285              		.thumb_func
 287              	HAL_GetTickPrio:
 288              	.LFB130:
 343:Drivers/STM32F4xx_HAL_Driver/Src/stm32f4xx_hal.c **** 
 344:Drivers/STM32F4xx_HAL_Driver/Src/stm32f4xx_hal.c **** /**
 345:Drivers/STM32F4xx_HAL_Driver/Src/stm32f4xx_hal.c ****   * @brief This function returns a tick priority.
 346:Drivers/STM32F4xx_HAL_Driver/Src/stm32f4xx_hal.c ****   * @retval tick priority
 347:Drivers/STM32F4xx_HAL_Driver/Src/stm32f4xx_hal.c ****   */
 348:Drivers/STM32F4xx_HAL_Driver/Src/stm32f4xx_hal.c **** uint32_t HAL_GetTickPrio(void)
 349:Drivers/STM32F4xx_HAL_Driver/Src/stm32f4xx_hal.c **** {
 289              		.loc 1 349 0
 290              		.cfi_startproc
 291              		@ args = 0, pretend = 0, frame = 0
 292              		@ frame_needed = 0, uses_anonymous_args = 0
 293              		@ link register save eliminated.
 350:Drivers/STM32F4xx_HAL_Driver/Src/stm32f4xx_hal.c ****   return uwTickPrio;
 351:Drivers/STM32F4xx_HAL_Driver/Src/stm32f4xx_hal.c **** }
 294              		.loc 1 351 0
 295 0000 014B     		ldr	r3, .L25
 296 0002 1868     		ldr	r0, [r3]
 297 0004 7047     		bx	lr
 298              	.L26:
 299 0006 00BF     		.align	2
 300              	.L25:
 301 0008 00000000 		.word	.LANCHOR1
 302              		.cfi_endproc
 303              	.LFE130:
 305              		.section	.text.HAL_SetTickFreq,"ax",%progbits
 306              		.align	2
 307              		.global	HAL_SetTickFreq
 308              		.thumb
 309              		.thumb_func
 311              	HAL_SetTickFreq:
 312              	.LFB131:
 352:Drivers/STM32F4xx_HAL_Driver/Src/stm32f4xx_hal.c **** 
 353:Drivers/STM32F4xx_HAL_Driver/Src/stm32f4xx_hal.c **** /**
 354:Drivers/STM32F4xx_HAL_Driver/Src/stm32f4xx_hal.c ****   * @brief Set new tick Freq.
 355:Drivers/STM32F4xx_HAL_Driver/Src/stm32f4xx_hal.c ****   * @retval Status
 356:Drivers/STM32F4xx_HAL_Driver/Src/stm32f4xx_hal.c ****   */
 357:Drivers/STM32F4xx_HAL_Driver/Src/stm32f4xx_hal.c **** HAL_StatusTypeDef HAL_SetTickFreq(HAL_TickFreqTypeDef Freq)
 358:Drivers/STM32F4xx_HAL_Driver/Src/stm32f4xx_hal.c **** {
 313              		.loc 1 358 0
 314              		.cfi_startproc
 315              		@ args = 0, pretend = 0, frame = 0
 316              		@ frame_needed = 0, uses_anonymous_args = 0
 317              	.LVL11:
 318 0000 08B5     		push	{r3, lr}
 319              	.LCFI3:
ARM GAS  /tmp/cctrEH6k.s 			page 13


 320              		.cfi_def_cfa_offset 8
 321              		.cfi_offset 3, -8
 322              		.cfi_offset 14, -4
 323              	.LVL12:
 359:Drivers/STM32F4xx_HAL_Driver/Src/stm32f4xx_hal.c ****   HAL_StatusTypeDef status  = HAL_OK;
 360:Drivers/STM32F4xx_HAL_Driver/Src/stm32f4xx_hal.c ****   assert_param(IS_TICKFREQ(Freq));
 361:Drivers/STM32F4xx_HAL_Driver/Src/stm32f4xx_hal.c **** 
 362:Drivers/STM32F4xx_HAL_Driver/Src/stm32f4xx_hal.c ****   if (uwTickFreq != Freq)
 324              		.loc 1 362 0
 325 0002 064B     		ldr	r3, .L31
 326 0004 1B78     		ldrb	r3, [r3]	@ zero_extendqisi2
 327 0006 8342     		cmp	r3, r0
 328 0008 06D0     		beq	.L29
 363:Drivers/STM32F4xx_HAL_Driver/Src/stm32f4xx_hal.c ****   {
 364:Drivers/STM32F4xx_HAL_Driver/Src/stm32f4xx_hal.c ****     uwTickFreq = Freq;
 329              		.loc 1 364 0
 330 000a 044B     		ldr	r3, .L31
 331 000c 1870     		strb	r0, [r3]
 365:Drivers/STM32F4xx_HAL_Driver/Src/stm32f4xx_hal.c **** 
 366:Drivers/STM32F4xx_HAL_Driver/Src/stm32f4xx_hal.c ****     /* Apply the new tick Freq  */
 367:Drivers/STM32F4xx_HAL_Driver/Src/stm32f4xx_hal.c ****     status = HAL_InitTick(uwTickPrio);
 332              		.loc 1 367 0
 333 000e 044B     		ldr	r3, .L31+4
 334 0010 1868     		ldr	r0, [r3]
 335              	.LVL13:
 336 0012 FFF7FEFF 		bl	HAL_InitTick
 337              	.LVL14:
 338 0016 08BD     		pop	{r3, pc}
 339              	.LVL15:
 340              	.L29:
 359:Drivers/STM32F4xx_HAL_Driver/Src/stm32f4xx_hal.c ****   assert_param(IS_TICKFREQ(Freq));
 341              		.loc 1 359 0
 342 0018 0020     		movs	r0, #0
 343              	.LVL16:
 368:Drivers/STM32F4xx_HAL_Driver/Src/stm32f4xx_hal.c ****   }
 369:Drivers/STM32F4xx_HAL_Driver/Src/stm32f4xx_hal.c **** 
 370:Drivers/STM32F4xx_HAL_Driver/Src/stm32f4xx_hal.c ****   return status;
 371:Drivers/STM32F4xx_HAL_Driver/Src/stm32f4xx_hal.c **** }
 344              		.loc 1 371 0
 345 001a 08BD     		pop	{r3, pc}
 346              	.L32:
 347              		.align	2
 348              	.L31:
 349 001c 00000000 		.word	.LANCHOR0
 350 0020 00000000 		.word	.LANCHOR1
 351              		.cfi_endproc
 352              	.LFE131:
 354              		.section	.text.HAL_GetTickFreq,"ax",%progbits
 355              		.align	2
 356              		.global	HAL_GetTickFreq
 357              		.thumb
 358              		.thumb_func
 360              	HAL_GetTickFreq:
 361              	.LFB132:
 372:Drivers/STM32F4xx_HAL_Driver/Src/stm32f4xx_hal.c **** 
 373:Drivers/STM32F4xx_HAL_Driver/Src/stm32f4xx_hal.c **** /**
 374:Drivers/STM32F4xx_HAL_Driver/Src/stm32f4xx_hal.c ****   * @brief Return tick frequency.
ARM GAS  /tmp/cctrEH6k.s 			page 14


 375:Drivers/STM32F4xx_HAL_Driver/Src/stm32f4xx_hal.c ****   * @retval tick period in Hz
 376:Drivers/STM32F4xx_HAL_Driver/Src/stm32f4xx_hal.c ****   */
 377:Drivers/STM32F4xx_HAL_Driver/Src/stm32f4xx_hal.c **** HAL_TickFreqTypeDef HAL_GetTickFreq(void)
 378:Drivers/STM32F4xx_HAL_Driver/Src/stm32f4xx_hal.c **** {
 362              		.loc 1 378 0
 363              		.cfi_startproc
 364              		@ args = 0, pretend = 0, frame = 0
 365              		@ frame_needed = 0, uses_anonymous_args = 0
 366              		@ link register save eliminated.
 379:Drivers/STM32F4xx_HAL_Driver/Src/stm32f4xx_hal.c ****   return uwTickFreq;
 380:Drivers/STM32F4xx_HAL_Driver/Src/stm32f4xx_hal.c **** }
 367              		.loc 1 380 0
 368 0000 014B     		ldr	r3, .L34
 369 0002 1878     		ldrb	r0, [r3]	@ zero_extendqisi2
 370 0004 7047     		bx	lr
 371              	.L35:
 372 0006 00BF     		.align	2
 373              	.L34:
 374 0008 00000000 		.word	.LANCHOR0
 375              		.cfi_endproc
 376              	.LFE132:
 378              		.section	.text.HAL_Delay,"ax",%progbits
 379              		.align	2
 380              		.weak	HAL_Delay
 381              		.thumb
 382              		.thumb_func
 384              	HAL_Delay:
 385              	.LFB133:
 381:Drivers/STM32F4xx_HAL_Driver/Src/stm32f4xx_hal.c **** 
 382:Drivers/STM32F4xx_HAL_Driver/Src/stm32f4xx_hal.c **** /**
 383:Drivers/STM32F4xx_HAL_Driver/Src/stm32f4xx_hal.c ****   * @brief This function provides minimum delay (in milliseconds) based 
 384:Drivers/STM32F4xx_HAL_Driver/Src/stm32f4xx_hal.c ****   *        on variable incremented.
 385:Drivers/STM32F4xx_HAL_Driver/Src/stm32f4xx_hal.c ****   * @note In the default implementation , SysTick timer is the source of time base.
 386:Drivers/STM32F4xx_HAL_Driver/Src/stm32f4xx_hal.c ****   *       It is used to generate interrupts at regular time intervals where uwTick
 387:Drivers/STM32F4xx_HAL_Driver/Src/stm32f4xx_hal.c ****   *       is incremented.
 388:Drivers/STM32F4xx_HAL_Driver/Src/stm32f4xx_hal.c ****   * @note This function is declared as __weak to be overwritten in case of other
 389:Drivers/STM32F4xx_HAL_Driver/Src/stm32f4xx_hal.c ****   *       implementations in user file.
 390:Drivers/STM32F4xx_HAL_Driver/Src/stm32f4xx_hal.c ****   * @param Delay specifies the delay time length, in milliseconds.
 391:Drivers/STM32F4xx_HAL_Driver/Src/stm32f4xx_hal.c ****   * @retval None
 392:Drivers/STM32F4xx_HAL_Driver/Src/stm32f4xx_hal.c ****   */
 393:Drivers/STM32F4xx_HAL_Driver/Src/stm32f4xx_hal.c **** __weak void HAL_Delay(uint32_t Delay)
 394:Drivers/STM32F4xx_HAL_Driver/Src/stm32f4xx_hal.c **** {
 386              		.loc 1 394 0
 387              		.cfi_startproc
 388              		@ args = 0, pretend = 0, frame = 0
 389              		@ frame_needed = 0, uses_anonymous_args = 0
 390              	.LVL17:
 391 0000 38B5     		push	{r3, r4, r5, lr}
 392              	.LCFI4:
 393              		.cfi_def_cfa_offset 16
 394              		.cfi_offset 3, -16
 395              		.cfi_offset 4, -12
 396              		.cfi_offset 5, -8
 397              		.cfi_offset 14, -4
 398 0002 0446     		mov	r4, r0
 395:Drivers/STM32F4xx_HAL_Driver/Src/stm32f4xx_hal.c ****   uint32_t tickstart = HAL_GetTick();
 399              		.loc 1 395 0
ARM GAS  /tmp/cctrEH6k.s 			page 15


 400 0004 FFF7FEFF 		bl	HAL_GetTick
 401              	.LVL18:
 402 0008 0546     		mov	r5, r0
 403              	.LVL19:
 396:Drivers/STM32F4xx_HAL_Driver/Src/stm32f4xx_hal.c ****   uint32_t wait = Delay;
 397:Drivers/STM32F4xx_HAL_Driver/Src/stm32f4xx_hal.c **** 
 398:Drivers/STM32F4xx_HAL_Driver/Src/stm32f4xx_hal.c ****   /* Add a freq to guarantee minimum wait */
 399:Drivers/STM32F4xx_HAL_Driver/Src/stm32f4xx_hal.c ****   if (wait < HAL_MAX_DELAY)
 404              		.loc 1 399 0
 405 000a B4F1FF3F 		cmp	r4, #-1
 406 000e 02D0     		beq	.L38
 400:Drivers/STM32F4xx_HAL_Driver/Src/stm32f4xx_hal.c ****   {
 401:Drivers/STM32F4xx_HAL_Driver/Src/stm32f4xx_hal.c ****     wait += (uint32_t)(uwTickFreq);
 407              		.loc 1 401 0
 408 0010 044B     		ldr	r3, .L40
 409 0012 1B78     		ldrb	r3, [r3]	@ zero_extendqisi2
 410 0014 1C44     		add	r4, r4, r3
 411              	.LVL20:
 412              	.L38:
 402:Drivers/STM32F4xx_HAL_Driver/Src/stm32f4xx_hal.c ****   }
 403:Drivers/STM32F4xx_HAL_Driver/Src/stm32f4xx_hal.c **** 
 404:Drivers/STM32F4xx_HAL_Driver/Src/stm32f4xx_hal.c ****   while((HAL_GetTick() - tickstart) < wait)
 413              		.loc 1 404 0 discriminator 1
 414 0016 FFF7FEFF 		bl	HAL_GetTick
 415              	.LVL21:
 416 001a 401B     		subs	r0, r0, r5
 417 001c 8442     		cmp	r4, r0
 418 001e FAD8     		bhi	.L38
 405:Drivers/STM32F4xx_HAL_Driver/Src/stm32f4xx_hal.c ****   {
 406:Drivers/STM32F4xx_HAL_Driver/Src/stm32f4xx_hal.c ****   }
 407:Drivers/STM32F4xx_HAL_Driver/Src/stm32f4xx_hal.c **** }
 419              		.loc 1 407 0
 420 0020 38BD     		pop	{r3, r4, r5, pc}
 421              	.LVL22:
 422              	.L41:
 423 0022 00BF     		.align	2
 424              	.L40:
 425 0024 00000000 		.word	.LANCHOR0
 426              		.cfi_endproc
 427              	.LFE133:
 429              		.section	.text.HAL_SuspendTick,"ax",%progbits
 430              		.align	2
 431              		.weak	HAL_SuspendTick
 432              		.thumb
 433              		.thumb_func
 435              	HAL_SuspendTick:
 436              	.LFB134:
 408:Drivers/STM32F4xx_HAL_Driver/Src/stm32f4xx_hal.c **** 
 409:Drivers/STM32F4xx_HAL_Driver/Src/stm32f4xx_hal.c **** /**
 410:Drivers/STM32F4xx_HAL_Driver/Src/stm32f4xx_hal.c ****   * @brief Suspend Tick increment.
 411:Drivers/STM32F4xx_HAL_Driver/Src/stm32f4xx_hal.c ****   * @note In the default implementation , SysTick timer is the source of time base. It is
 412:Drivers/STM32F4xx_HAL_Driver/Src/stm32f4xx_hal.c ****   *       used to generate interrupts at regular time intervals. Once HAL_SuspendTick()
 413:Drivers/STM32F4xx_HAL_Driver/Src/stm32f4xx_hal.c ****   *       is called, the SysTick interrupt will be disabled and so Tick increment 
 414:Drivers/STM32F4xx_HAL_Driver/Src/stm32f4xx_hal.c ****   *       is suspended.
 415:Drivers/STM32F4xx_HAL_Driver/Src/stm32f4xx_hal.c ****   * @note This function is declared as __weak to be overwritten in case of other
 416:Drivers/STM32F4xx_HAL_Driver/Src/stm32f4xx_hal.c ****   *       implementations in user file.
 417:Drivers/STM32F4xx_HAL_Driver/Src/stm32f4xx_hal.c ****   * @retval None
ARM GAS  /tmp/cctrEH6k.s 			page 16


 418:Drivers/STM32F4xx_HAL_Driver/Src/stm32f4xx_hal.c ****   */
 419:Drivers/STM32F4xx_HAL_Driver/Src/stm32f4xx_hal.c **** __weak void HAL_SuspendTick(void)
 420:Drivers/STM32F4xx_HAL_Driver/Src/stm32f4xx_hal.c **** {
 437              		.loc 1 420 0
 438              		.cfi_startproc
 439              		@ args = 0, pretend = 0, frame = 0
 440              		@ frame_needed = 0, uses_anonymous_args = 0
 441              		@ link register save eliminated.
 421:Drivers/STM32F4xx_HAL_Driver/Src/stm32f4xx_hal.c ****   /* Disable SysTick Interrupt */
 422:Drivers/STM32F4xx_HAL_Driver/Src/stm32f4xx_hal.c ****   SysTick->CTRL &= ~SysTick_CTRL_TICKINT_Msk;
 442              		.loc 1 422 0
 443 0000 024A     		ldr	r2, .L43
 444 0002 1368     		ldr	r3, [r2]
 445 0004 23F00203 		bic	r3, r3, #2
 446 0008 1360     		str	r3, [r2]
 447 000a 7047     		bx	lr
 448              	.L44:
 449              		.align	2
 450              	.L43:
 451 000c 10E000E0 		.word	-536813552
 452              		.cfi_endproc
 453              	.LFE134:
 455              		.section	.text.HAL_ResumeTick,"ax",%progbits
 456              		.align	2
 457              		.weak	HAL_ResumeTick
 458              		.thumb
 459              		.thumb_func
 461              	HAL_ResumeTick:
 462              	.LFB135:
 423:Drivers/STM32F4xx_HAL_Driver/Src/stm32f4xx_hal.c **** }
 424:Drivers/STM32F4xx_HAL_Driver/Src/stm32f4xx_hal.c **** 
 425:Drivers/STM32F4xx_HAL_Driver/Src/stm32f4xx_hal.c **** /**
 426:Drivers/STM32F4xx_HAL_Driver/Src/stm32f4xx_hal.c ****   * @brief Resume Tick increment.
 427:Drivers/STM32F4xx_HAL_Driver/Src/stm32f4xx_hal.c ****   * @note In the default implementation , SysTick timer is the source of time base. It is
 428:Drivers/STM32F4xx_HAL_Driver/Src/stm32f4xx_hal.c ****   *       used to generate interrupts at regular time intervals. Once HAL_ResumeTick()
 429:Drivers/STM32F4xx_HAL_Driver/Src/stm32f4xx_hal.c ****   *       is called, the SysTick interrupt will be enabled and so Tick increment 
 430:Drivers/STM32F4xx_HAL_Driver/Src/stm32f4xx_hal.c ****   *       is resumed.
 431:Drivers/STM32F4xx_HAL_Driver/Src/stm32f4xx_hal.c ****   * @note This function is declared as __weak to be overwritten in case of other
 432:Drivers/STM32F4xx_HAL_Driver/Src/stm32f4xx_hal.c ****   *       implementations in user file.
 433:Drivers/STM32F4xx_HAL_Driver/Src/stm32f4xx_hal.c ****   * @retval None
 434:Drivers/STM32F4xx_HAL_Driver/Src/stm32f4xx_hal.c ****   */
 435:Drivers/STM32F4xx_HAL_Driver/Src/stm32f4xx_hal.c **** __weak void HAL_ResumeTick(void)
 436:Drivers/STM32F4xx_HAL_Driver/Src/stm32f4xx_hal.c **** {
 463              		.loc 1 436 0
 464              		.cfi_startproc
 465              		@ args = 0, pretend = 0, frame = 0
 466              		@ frame_needed = 0, uses_anonymous_args = 0
 467              		@ link register save eliminated.
 437:Drivers/STM32F4xx_HAL_Driver/Src/stm32f4xx_hal.c ****   /* Enable SysTick Interrupt */
 438:Drivers/STM32F4xx_HAL_Driver/Src/stm32f4xx_hal.c ****   SysTick->CTRL  |= SysTick_CTRL_TICKINT_Msk;
 468              		.loc 1 438 0
 469 0000 024A     		ldr	r2, .L46
 470 0002 1368     		ldr	r3, [r2]
 471 0004 43F00203 		orr	r3, r3, #2
 472 0008 1360     		str	r3, [r2]
 473 000a 7047     		bx	lr
 474              	.L47:
ARM GAS  /tmp/cctrEH6k.s 			page 17


 475              		.align	2
 476              	.L46:
 477 000c 10E000E0 		.word	-536813552
 478              		.cfi_endproc
 479              	.LFE135:
 481              		.section	.text.HAL_GetHalVersion,"ax",%progbits
 482              		.align	2
 483              		.global	HAL_GetHalVersion
 484              		.thumb
 485              		.thumb_func
 487              	HAL_GetHalVersion:
 488              	.LFB136:
 439:Drivers/STM32F4xx_HAL_Driver/Src/stm32f4xx_hal.c **** }
 440:Drivers/STM32F4xx_HAL_Driver/Src/stm32f4xx_hal.c **** 
 441:Drivers/STM32F4xx_HAL_Driver/Src/stm32f4xx_hal.c **** /**
 442:Drivers/STM32F4xx_HAL_Driver/Src/stm32f4xx_hal.c ****   * @brief  Returns the HAL revision
 443:Drivers/STM32F4xx_HAL_Driver/Src/stm32f4xx_hal.c ****   * @retval version : 0xXYZR (8bits for each decimal, R for RC)
 444:Drivers/STM32F4xx_HAL_Driver/Src/stm32f4xx_hal.c ****   */
 445:Drivers/STM32F4xx_HAL_Driver/Src/stm32f4xx_hal.c **** uint32_t HAL_GetHalVersion(void)
 446:Drivers/STM32F4xx_HAL_Driver/Src/stm32f4xx_hal.c **** {
 489              		.loc 1 446 0
 490              		.cfi_startproc
 491              		@ args = 0, pretend = 0, frame = 0
 492              		@ frame_needed = 0, uses_anonymous_args = 0
 493              		@ link register save eliminated.
 447:Drivers/STM32F4xx_HAL_Driver/Src/stm32f4xx_hal.c ****   return __STM32F4xx_HAL_VERSION;
 448:Drivers/STM32F4xx_HAL_Driver/Src/stm32f4xx_hal.c **** }
 494              		.loc 1 448 0
 495 0000 0048     		ldr	r0, .L49
 496 0002 7047     		bx	lr
 497              	.L50:
 498              		.align	2
 499              	.L49:
 500 0004 00040701 		.word	17236992
 501              		.cfi_endproc
 502              	.LFE136:
 504              		.section	.text.HAL_GetREVID,"ax",%progbits
 505              		.align	2
 506              		.global	HAL_GetREVID
 507              		.thumb
 508              		.thumb_func
 510              	HAL_GetREVID:
 511              	.LFB137:
 449:Drivers/STM32F4xx_HAL_Driver/Src/stm32f4xx_hal.c **** 
 450:Drivers/STM32F4xx_HAL_Driver/Src/stm32f4xx_hal.c **** /**
 451:Drivers/STM32F4xx_HAL_Driver/Src/stm32f4xx_hal.c ****   * @brief  Returns the device revision identifier.
 452:Drivers/STM32F4xx_HAL_Driver/Src/stm32f4xx_hal.c ****   * @retval Device revision identifier
 453:Drivers/STM32F4xx_HAL_Driver/Src/stm32f4xx_hal.c ****   */
 454:Drivers/STM32F4xx_HAL_Driver/Src/stm32f4xx_hal.c **** uint32_t HAL_GetREVID(void)
 455:Drivers/STM32F4xx_HAL_Driver/Src/stm32f4xx_hal.c **** {
 512              		.loc 1 455 0
 513              		.cfi_startproc
 514              		@ args = 0, pretend = 0, frame = 0
 515              		@ frame_needed = 0, uses_anonymous_args = 0
 516              		@ link register save eliminated.
 456:Drivers/STM32F4xx_HAL_Driver/Src/stm32f4xx_hal.c ****   return((DBGMCU->IDCODE) >> 16U);
 517              		.loc 1 456 0
ARM GAS  /tmp/cctrEH6k.s 			page 18


 518 0000 014B     		ldr	r3, .L52
 519 0002 1868     		ldr	r0, [r3]
 457:Drivers/STM32F4xx_HAL_Driver/Src/stm32f4xx_hal.c **** }
 520              		.loc 1 457 0
 521 0004 000C     		lsrs	r0, r0, #16
 522 0006 7047     		bx	lr
 523              	.L53:
 524              		.align	2
 525              	.L52:
 526 0008 002004E0 		.word	-536600576
 527              		.cfi_endproc
 528              	.LFE137:
 530              		.section	.text.HAL_GetDEVID,"ax",%progbits
 531              		.align	2
 532              		.global	HAL_GetDEVID
 533              		.thumb
 534              		.thumb_func
 536              	HAL_GetDEVID:
 537              	.LFB138:
 458:Drivers/STM32F4xx_HAL_Driver/Src/stm32f4xx_hal.c **** 
 459:Drivers/STM32F4xx_HAL_Driver/Src/stm32f4xx_hal.c **** /**
 460:Drivers/STM32F4xx_HAL_Driver/Src/stm32f4xx_hal.c ****   * @brief  Returns the device identifier.
 461:Drivers/STM32F4xx_HAL_Driver/Src/stm32f4xx_hal.c ****   * @retval Device identifier
 462:Drivers/STM32F4xx_HAL_Driver/Src/stm32f4xx_hal.c ****   */
 463:Drivers/STM32F4xx_HAL_Driver/Src/stm32f4xx_hal.c **** uint32_t HAL_GetDEVID(void)
 464:Drivers/STM32F4xx_HAL_Driver/Src/stm32f4xx_hal.c **** {
 538              		.loc 1 464 0
 539              		.cfi_startproc
 540              		@ args = 0, pretend = 0, frame = 0
 541              		@ frame_needed = 0, uses_anonymous_args = 0
 542              		@ link register save eliminated.
 465:Drivers/STM32F4xx_HAL_Driver/Src/stm32f4xx_hal.c ****   return((DBGMCU->IDCODE) & IDCODE_DEVID_MASK);
 543              		.loc 1 465 0
 544 0000 024B     		ldr	r3, .L55
 545 0002 1868     		ldr	r0, [r3]
 466:Drivers/STM32F4xx_HAL_Driver/Src/stm32f4xx_hal.c **** }
 546              		.loc 1 466 0
 547 0004 C0F30B00 		ubfx	r0, r0, #0, #12
 548 0008 7047     		bx	lr
 549              	.L56:
 550 000a 00BF     		.align	2
 551              	.L55:
 552 000c 002004E0 		.word	-536600576
 553              		.cfi_endproc
 554              	.LFE138:
 556              		.section	.text.HAL_DBGMCU_EnableDBGSleepMode,"ax",%progbits
 557              		.align	2
 558              		.global	HAL_DBGMCU_EnableDBGSleepMode
 559              		.thumb
 560              		.thumb_func
 562              	HAL_DBGMCU_EnableDBGSleepMode:
 563              	.LFB139:
 467:Drivers/STM32F4xx_HAL_Driver/Src/stm32f4xx_hal.c **** 
 468:Drivers/STM32F4xx_HAL_Driver/Src/stm32f4xx_hal.c **** /**
 469:Drivers/STM32F4xx_HAL_Driver/Src/stm32f4xx_hal.c ****   * @brief  Enable the Debug Module during SLEEP mode
 470:Drivers/STM32F4xx_HAL_Driver/Src/stm32f4xx_hal.c ****   * @retval None
 471:Drivers/STM32F4xx_HAL_Driver/Src/stm32f4xx_hal.c ****   */
ARM GAS  /tmp/cctrEH6k.s 			page 19


 472:Drivers/STM32F4xx_HAL_Driver/Src/stm32f4xx_hal.c **** void HAL_DBGMCU_EnableDBGSleepMode(void)
 473:Drivers/STM32F4xx_HAL_Driver/Src/stm32f4xx_hal.c **** {
 564              		.loc 1 473 0
 565              		.cfi_startproc
 566              		@ args = 0, pretend = 0, frame = 0
 567              		@ frame_needed = 0, uses_anonymous_args = 0
 568              		@ link register save eliminated.
 474:Drivers/STM32F4xx_HAL_Driver/Src/stm32f4xx_hal.c ****   SET_BIT(DBGMCU->CR, DBGMCU_CR_DBG_SLEEP);
 569              		.loc 1 474 0
 570 0000 024A     		ldr	r2, .L58
 571 0002 5368     		ldr	r3, [r2, #4]
 572 0004 43F00103 		orr	r3, r3, #1
 573 0008 5360     		str	r3, [r2, #4]
 574 000a 7047     		bx	lr
 575              	.L59:
 576              		.align	2
 577              	.L58:
 578 000c 002004E0 		.word	-536600576
 579              		.cfi_endproc
 580              	.LFE139:
 582              		.section	.text.HAL_DBGMCU_DisableDBGSleepMode,"ax",%progbits
 583              		.align	2
 584              		.global	HAL_DBGMCU_DisableDBGSleepMode
 585              		.thumb
 586              		.thumb_func
 588              	HAL_DBGMCU_DisableDBGSleepMode:
 589              	.LFB140:
 475:Drivers/STM32F4xx_HAL_Driver/Src/stm32f4xx_hal.c **** }
 476:Drivers/STM32F4xx_HAL_Driver/Src/stm32f4xx_hal.c **** 
 477:Drivers/STM32F4xx_HAL_Driver/Src/stm32f4xx_hal.c **** /**
 478:Drivers/STM32F4xx_HAL_Driver/Src/stm32f4xx_hal.c ****   * @brief  Disable the Debug Module during SLEEP mode
 479:Drivers/STM32F4xx_HAL_Driver/Src/stm32f4xx_hal.c ****   * @retval None
 480:Drivers/STM32F4xx_HAL_Driver/Src/stm32f4xx_hal.c ****   */
 481:Drivers/STM32F4xx_HAL_Driver/Src/stm32f4xx_hal.c **** void HAL_DBGMCU_DisableDBGSleepMode(void)
 482:Drivers/STM32F4xx_HAL_Driver/Src/stm32f4xx_hal.c **** {
 590              		.loc 1 482 0
 591              		.cfi_startproc
 592              		@ args = 0, pretend = 0, frame = 0
 593              		@ frame_needed = 0, uses_anonymous_args = 0
 594              		@ link register save eliminated.
 483:Drivers/STM32F4xx_HAL_Driver/Src/stm32f4xx_hal.c ****   CLEAR_BIT(DBGMCU->CR, DBGMCU_CR_DBG_SLEEP);
 595              		.loc 1 483 0
 596 0000 024A     		ldr	r2, .L61
 597 0002 5368     		ldr	r3, [r2, #4]
 598 0004 23F00103 		bic	r3, r3, #1
 599 0008 5360     		str	r3, [r2, #4]
 600 000a 7047     		bx	lr
 601              	.L62:
 602              		.align	2
 603              	.L61:
 604 000c 002004E0 		.word	-536600576
 605              		.cfi_endproc
 606              	.LFE140:
 608              		.section	.text.HAL_DBGMCU_EnableDBGStopMode,"ax",%progbits
 609              		.align	2
 610              		.global	HAL_DBGMCU_EnableDBGStopMode
 611              		.thumb
ARM GAS  /tmp/cctrEH6k.s 			page 20


 612              		.thumb_func
 614              	HAL_DBGMCU_EnableDBGStopMode:
 615              	.LFB141:
 484:Drivers/STM32F4xx_HAL_Driver/Src/stm32f4xx_hal.c **** }
 485:Drivers/STM32F4xx_HAL_Driver/Src/stm32f4xx_hal.c **** 
 486:Drivers/STM32F4xx_HAL_Driver/Src/stm32f4xx_hal.c **** /**
 487:Drivers/STM32F4xx_HAL_Driver/Src/stm32f4xx_hal.c ****   * @brief  Enable the Debug Module during STOP mode
 488:Drivers/STM32F4xx_HAL_Driver/Src/stm32f4xx_hal.c ****   * @retval None
 489:Drivers/STM32F4xx_HAL_Driver/Src/stm32f4xx_hal.c ****   */
 490:Drivers/STM32F4xx_HAL_Driver/Src/stm32f4xx_hal.c **** void HAL_DBGMCU_EnableDBGStopMode(void)
 491:Drivers/STM32F4xx_HAL_Driver/Src/stm32f4xx_hal.c **** {
 616              		.loc 1 491 0
 617              		.cfi_startproc
 618              		@ args = 0, pretend = 0, frame = 0
 619              		@ frame_needed = 0, uses_anonymous_args = 0
 620              		@ link register save eliminated.
 492:Drivers/STM32F4xx_HAL_Driver/Src/stm32f4xx_hal.c ****   SET_BIT(DBGMCU->CR, DBGMCU_CR_DBG_STOP);
 621              		.loc 1 492 0
 622 0000 024A     		ldr	r2, .L64
 623 0002 5368     		ldr	r3, [r2, #4]
 624 0004 43F00203 		orr	r3, r3, #2
 625 0008 5360     		str	r3, [r2, #4]
 626 000a 7047     		bx	lr
 627              	.L65:
 628              		.align	2
 629              	.L64:
 630 000c 002004E0 		.word	-536600576
 631              		.cfi_endproc
 632              	.LFE141:
 634              		.section	.text.HAL_DBGMCU_DisableDBGStopMode,"ax",%progbits
 635              		.align	2
 636              		.global	HAL_DBGMCU_DisableDBGStopMode
 637              		.thumb
 638              		.thumb_func
 640              	HAL_DBGMCU_DisableDBGStopMode:
 641              	.LFB142:
 493:Drivers/STM32F4xx_HAL_Driver/Src/stm32f4xx_hal.c **** }
 494:Drivers/STM32F4xx_HAL_Driver/Src/stm32f4xx_hal.c **** 
 495:Drivers/STM32F4xx_HAL_Driver/Src/stm32f4xx_hal.c **** /**
 496:Drivers/STM32F4xx_HAL_Driver/Src/stm32f4xx_hal.c ****   * @brief  Disable the Debug Module during STOP mode
 497:Drivers/STM32F4xx_HAL_Driver/Src/stm32f4xx_hal.c ****   * @retval None
 498:Drivers/STM32F4xx_HAL_Driver/Src/stm32f4xx_hal.c ****   */
 499:Drivers/STM32F4xx_HAL_Driver/Src/stm32f4xx_hal.c **** void HAL_DBGMCU_DisableDBGStopMode(void)
 500:Drivers/STM32F4xx_HAL_Driver/Src/stm32f4xx_hal.c **** {
 642              		.loc 1 500 0
 643              		.cfi_startproc
 644              		@ args = 0, pretend = 0, frame = 0
 645              		@ frame_needed = 0, uses_anonymous_args = 0
 646              		@ link register save eliminated.
 501:Drivers/STM32F4xx_HAL_Driver/Src/stm32f4xx_hal.c ****   CLEAR_BIT(DBGMCU->CR, DBGMCU_CR_DBG_STOP);
 647              		.loc 1 501 0
 648 0000 024A     		ldr	r2, .L67
 649 0002 5368     		ldr	r3, [r2, #4]
 650 0004 23F00203 		bic	r3, r3, #2
 651 0008 5360     		str	r3, [r2, #4]
 652 000a 7047     		bx	lr
 653              	.L68:
ARM GAS  /tmp/cctrEH6k.s 			page 21


 654              		.align	2
 655              	.L67:
 656 000c 002004E0 		.word	-536600576
 657              		.cfi_endproc
 658              	.LFE142:
 660              		.section	.text.HAL_DBGMCU_EnableDBGStandbyMode,"ax",%progbits
 661              		.align	2
 662              		.global	HAL_DBGMCU_EnableDBGStandbyMode
 663              		.thumb
 664              		.thumb_func
 666              	HAL_DBGMCU_EnableDBGStandbyMode:
 667              	.LFB143:
 502:Drivers/STM32F4xx_HAL_Driver/Src/stm32f4xx_hal.c **** }
 503:Drivers/STM32F4xx_HAL_Driver/Src/stm32f4xx_hal.c **** 
 504:Drivers/STM32F4xx_HAL_Driver/Src/stm32f4xx_hal.c **** /**
 505:Drivers/STM32F4xx_HAL_Driver/Src/stm32f4xx_hal.c ****   * @brief  Enable the Debug Module during STANDBY mode
 506:Drivers/STM32F4xx_HAL_Driver/Src/stm32f4xx_hal.c ****   * @retval None
 507:Drivers/STM32F4xx_HAL_Driver/Src/stm32f4xx_hal.c ****   */
 508:Drivers/STM32F4xx_HAL_Driver/Src/stm32f4xx_hal.c **** void HAL_DBGMCU_EnableDBGStandbyMode(void)
 509:Drivers/STM32F4xx_HAL_Driver/Src/stm32f4xx_hal.c **** {
 668              		.loc 1 509 0
 669              		.cfi_startproc
 670              		@ args = 0, pretend = 0, frame = 0
 671              		@ frame_needed = 0, uses_anonymous_args = 0
 672              		@ link register save eliminated.
 510:Drivers/STM32F4xx_HAL_Driver/Src/stm32f4xx_hal.c ****   SET_BIT(DBGMCU->CR, DBGMCU_CR_DBG_STANDBY);
 673              		.loc 1 510 0
 674 0000 024A     		ldr	r2, .L70
 675 0002 5368     		ldr	r3, [r2, #4]
 676 0004 43F00403 		orr	r3, r3, #4
 677 0008 5360     		str	r3, [r2, #4]
 678 000a 7047     		bx	lr
 679              	.L71:
 680              		.align	2
 681              	.L70:
 682 000c 002004E0 		.word	-536600576
 683              		.cfi_endproc
 684              	.LFE143:
 686              		.section	.text.HAL_DBGMCU_DisableDBGStandbyMode,"ax",%progbits
 687              		.align	2
 688              		.global	HAL_DBGMCU_DisableDBGStandbyMode
 689              		.thumb
 690              		.thumb_func
 692              	HAL_DBGMCU_DisableDBGStandbyMode:
 693              	.LFB144:
 511:Drivers/STM32F4xx_HAL_Driver/Src/stm32f4xx_hal.c **** }
 512:Drivers/STM32F4xx_HAL_Driver/Src/stm32f4xx_hal.c **** 
 513:Drivers/STM32F4xx_HAL_Driver/Src/stm32f4xx_hal.c **** /**
 514:Drivers/STM32F4xx_HAL_Driver/Src/stm32f4xx_hal.c ****   * @brief  Disable the Debug Module during STANDBY mode
 515:Drivers/STM32F4xx_HAL_Driver/Src/stm32f4xx_hal.c ****   * @retval None
 516:Drivers/STM32F4xx_HAL_Driver/Src/stm32f4xx_hal.c ****   */
 517:Drivers/STM32F4xx_HAL_Driver/Src/stm32f4xx_hal.c **** void HAL_DBGMCU_DisableDBGStandbyMode(void)
 518:Drivers/STM32F4xx_HAL_Driver/Src/stm32f4xx_hal.c **** {
 694              		.loc 1 518 0
 695              		.cfi_startproc
 696              		@ args = 0, pretend = 0, frame = 0
 697              		@ frame_needed = 0, uses_anonymous_args = 0
ARM GAS  /tmp/cctrEH6k.s 			page 22


 698              		@ link register save eliminated.
 519:Drivers/STM32F4xx_HAL_Driver/Src/stm32f4xx_hal.c ****   CLEAR_BIT(DBGMCU->CR, DBGMCU_CR_DBG_STANDBY);
 699              		.loc 1 519 0
 700 0000 024A     		ldr	r2, .L73
 701 0002 5368     		ldr	r3, [r2, #4]
 702 0004 23F00403 		bic	r3, r3, #4
 703 0008 5360     		str	r3, [r2, #4]
 704 000a 7047     		bx	lr
 705              	.L74:
 706              		.align	2
 707              	.L73:
 708 000c 002004E0 		.word	-536600576
 709              		.cfi_endproc
 710              	.LFE144:
 712              		.section	.text.HAL_EnableCompensationCell,"ax",%progbits
 713              		.align	2
 714              		.global	HAL_EnableCompensationCell
 715              		.thumb
 716              		.thumb_func
 718              	HAL_EnableCompensationCell:
 719              	.LFB145:
 520:Drivers/STM32F4xx_HAL_Driver/Src/stm32f4xx_hal.c **** }
 521:Drivers/STM32F4xx_HAL_Driver/Src/stm32f4xx_hal.c **** 
 522:Drivers/STM32F4xx_HAL_Driver/Src/stm32f4xx_hal.c **** /**
 523:Drivers/STM32F4xx_HAL_Driver/Src/stm32f4xx_hal.c ****   * @brief  Enables the I/O Compensation Cell.
 524:Drivers/STM32F4xx_HAL_Driver/Src/stm32f4xx_hal.c ****   * @note   The I/O compensation cell can be used only when the device supply
 525:Drivers/STM32F4xx_HAL_Driver/Src/stm32f4xx_hal.c ****   *         voltage ranges from 2.4 to 3.6 V.  
 526:Drivers/STM32F4xx_HAL_Driver/Src/stm32f4xx_hal.c ****   * @retval None
 527:Drivers/STM32F4xx_HAL_Driver/Src/stm32f4xx_hal.c ****   */
 528:Drivers/STM32F4xx_HAL_Driver/Src/stm32f4xx_hal.c **** void HAL_EnableCompensationCell(void)
 529:Drivers/STM32F4xx_HAL_Driver/Src/stm32f4xx_hal.c **** {
 720              		.loc 1 529 0
 721              		.cfi_startproc
 722              		@ args = 0, pretend = 0, frame = 0
 723              		@ frame_needed = 0, uses_anonymous_args = 0
 724              		@ link register save eliminated.
 530:Drivers/STM32F4xx_HAL_Driver/Src/stm32f4xx_hal.c ****   *(__IO uint32_t *)CMPCR_CMP_PD_BB = (uint32_t)ENABLE;
 725              		.loc 1 530 0
 726 0000 0122     		movs	r2, #1
 727 0002 014B     		ldr	r3, .L76
 728 0004 1A60     		str	r2, [r3]
 729 0006 7047     		bx	lr
 730              	.L77:
 731              		.align	2
 732              	.L76:
 733 0008 00042742 		.word	1109853184
 734              		.cfi_endproc
 735              	.LFE145:
 737              		.section	.text.HAL_DisableCompensationCell,"ax",%progbits
 738              		.align	2
 739              		.global	HAL_DisableCompensationCell
 740              		.thumb
 741              		.thumb_func
 743              	HAL_DisableCompensationCell:
 744              	.LFB146:
 531:Drivers/STM32F4xx_HAL_Driver/Src/stm32f4xx_hal.c **** }
 532:Drivers/STM32F4xx_HAL_Driver/Src/stm32f4xx_hal.c **** 
ARM GAS  /tmp/cctrEH6k.s 			page 23


 533:Drivers/STM32F4xx_HAL_Driver/Src/stm32f4xx_hal.c **** /**
 534:Drivers/STM32F4xx_HAL_Driver/Src/stm32f4xx_hal.c ****   * @brief  Power-down the I/O Compensation Cell.
 535:Drivers/STM32F4xx_HAL_Driver/Src/stm32f4xx_hal.c ****   * @note   The I/O compensation cell can be used only when the device supply
 536:Drivers/STM32F4xx_HAL_Driver/Src/stm32f4xx_hal.c ****   *         voltage ranges from 2.4 to 3.6 V.  
 537:Drivers/STM32F4xx_HAL_Driver/Src/stm32f4xx_hal.c ****   * @retval None
 538:Drivers/STM32F4xx_HAL_Driver/Src/stm32f4xx_hal.c ****   */
 539:Drivers/STM32F4xx_HAL_Driver/Src/stm32f4xx_hal.c **** void HAL_DisableCompensationCell(void)
 540:Drivers/STM32F4xx_HAL_Driver/Src/stm32f4xx_hal.c **** {
 745              		.loc 1 540 0
 746              		.cfi_startproc
 747              		@ args = 0, pretend = 0, frame = 0
 748              		@ frame_needed = 0, uses_anonymous_args = 0
 749              		@ link register save eliminated.
 541:Drivers/STM32F4xx_HAL_Driver/Src/stm32f4xx_hal.c ****   *(__IO uint32_t *)CMPCR_CMP_PD_BB = (uint32_t)DISABLE;
 750              		.loc 1 541 0
 751 0000 0022     		movs	r2, #0
 752 0002 014B     		ldr	r3, .L79
 753 0004 1A60     		str	r2, [r3]
 754 0006 7047     		bx	lr
 755              	.L80:
 756              		.align	2
 757              	.L79:
 758 0008 00042742 		.word	1109853184
 759              		.cfi_endproc
 760              	.LFE146:
 762              		.section	.text.HAL_GetUID,"ax",%progbits
 763              		.align	2
 764              		.global	HAL_GetUID
 765              		.thumb
 766              		.thumb_func
 768              	HAL_GetUID:
 769              	.LFB147:
 542:Drivers/STM32F4xx_HAL_Driver/Src/stm32f4xx_hal.c **** }
 543:Drivers/STM32F4xx_HAL_Driver/Src/stm32f4xx_hal.c **** 
 544:Drivers/STM32F4xx_HAL_Driver/Src/stm32f4xx_hal.c **** /**
 545:Drivers/STM32F4xx_HAL_Driver/Src/stm32f4xx_hal.c ****   * @brief Return the unique device identifier (UID based on 96 bits)
 546:Drivers/STM32F4xx_HAL_Driver/Src/stm32f4xx_hal.c ****   * @param UID pointer to 3 words array.
 547:Drivers/STM32F4xx_HAL_Driver/Src/stm32f4xx_hal.c ****   * @retval Device identifier
 548:Drivers/STM32F4xx_HAL_Driver/Src/stm32f4xx_hal.c ****   */
 549:Drivers/STM32F4xx_HAL_Driver/Src/stm32f4xx_hal.c **** void HAL_GetUID(uint32_t *UID)
 550:Drivers/STM32F4xx_HAL_Driver/Src/stm32f4xx_hal.c **** {
 770              		.loc 1 550 0
 771              		.cfi_startproc
 772              		@ args = 0, pretend = 0, frame = 0
 773              		@ frame_needed = 0, uses_anonymous_args = 0
 774              		@ link register save eliminated.
 775              	.LVL23:
 551:Drivers/STM32F4xx_HAL_Driver/Src/stm32f4xx_hal.c ****   UID[0] = (uint32_t)(READ_REG(*((uint32_t *)UID_BASE)));
 776              		.loc 1 551 0
 777 0000 044B     		ldr	r3, .L82
 778 0002 1B68     		ldr	r3, [r3]
 779 0004 0360     		str	r3, [r0]
 552:Drivers/STM32F4xx_HAL_Driver/Src/stm32f4xx_hal.c ****   UID[1] = (uint32_t)(READ_REG(*((uint32_t *)(UID_BASE + 4U))));
 780              		.loc 1 552 0
 781 0006 044B     		ldr	r3, .L82+4
 782 0008 1B68     		ldr	r3, [r3]
 783 000a 4360     		str	r3, [r0, #4]
ARM GAS  /tmp/cctrEH6k.s 			page 24


 553:Drivers/STM32F4xx_HAL_Driver/Src/stm32f4xx_hal.c ****   UID[2] = (uint32_t)(READ_REG(*((uint32_t *)(UID_BASE + 8U))));
 784              		.loc 1 553 0
 785 000c 034B     		ldr	r3, .L82+8
 786 000e 1B68     		ldr	r3, [r3]
 787 0010 8360     		str	r3, [r0, #8]
 788 0012 7047     		bx	lr
 789              	.L83:
 790              		.align	2
 791              	.L82:
 792 0014 107AFF1F 		.word	536836624
 793 0018 147AFF1F 		.word	536836628
 794 001c 187AFF1F 		.word	536836632
 795              		.cfi_endproc
 796              	.LFE147:
 798              		.global	uwTickFreq
 799              		.global	uwTickPrio
 800              		.comm	uwTick,4,4
 801              		.section	.data.uwTickPrio,"aw",%progbits
 802              		.align	2
 803              		.set	.LANCHOR1,. + 0
 806              	uwTickPrio:
 807 0000 10000000 		.word	16
 808              		.section	.data.uwTickFreq,"aw",%progbits
 809              		.set	.LANCHOR0,. + 0
 812              	uwTickFreq:
 813 0000 01       		.byte	1
 814              		.text
 815              	.Letext0:
 816              		.file 2 "Drivers/CMSIS/Device/ST/STM32F4xx/Include/stm32f407xx.h"
 817              		.file 3 "/usr/include/newlib/machine/_default_types.h"
 818              		.file 4 "/usr/include/newlib/sys/_stdint.h"
 819              		.file 5 "Drivers/CMSIS/Include/core_cm4.h"
 820              		.file 6 "Drivers/CMSIS/Device/ST/STM32F4xx/Include/stm32f4xx.h"
 821              		.file 7 "Drivers/STM32F4xx_HAL_Driver/Inc/stm32f4xx_hal_def.h"
 822              		.file 8 "Drivers/STM32F4xx_HAL_Driver/Inc/stm32f4xx_hal.h"
 823              		.file 9 "Drivers/CMSIS/Device/ST/STM32F4xx/Include/system_stm32f4xx.h"
 824              		.file 10 "Drivers/STM32F4xx_HAL_Driver/Inc/stm32f4xx_hal_cortex.h"
ARM GAS  /tmp/cctrEH6k.s 			page 25


DEFINED SYMBOLS
                            *ABS*:0000000000000000 stm32f4xx_hal.c
     /tmp/cctrEH6k.s:21     .text.HAL_MspInit:0000000000000000 $t
     /tmp/cctrEH6k.s:26     .text.HAL_MspInit:0000000000000000 HAL_MspInit
     /tmp/cctrEH6k.s:39     .text.HAL_MspDeInit:0000000000000000 $t
     /tmp/cctrEH6k.s:44     .text.HAL_MspDeInit:0000000000000000 HAL_MspDeInit
     /tmp/cctrEH6k.s:56     .text.HAL_DeInit:0000000000000000 $t
     /tmp/cctrEH6k.s:61     .text.HAL_DeInit:0000000000000000 HAL_DeInit
     /tmp/cctrEH6k.s:105    .text.HAL_DeInit:0000000000000028 $d
     /tmp/cctrEH6k.s:110    .text.HAL_InitTick:0000000000000000 $t
     /tmp/cctrEH6k.s:115    .text.HAL_InitTick:0000000000000000 HAL_InitTick
     /tmp/cctrEH6k.s:170    .text.HAL_InitTick:0000000000000040 $d
     /tmp/cctrEH6k.s:177    .text.HAL_Init:0000000000000000 $t
     /tmp/cctrEH6k.s:182    .text.HAL_Init:0000000000000000 HAL_Init
     /tmp/cctrEH6k.s:223    .text.HAL_Init:0000000000000030 $d
     /tmp/cctrEH6k.s:228    .text.HAL_IncTick:0000000000000000 $t
     /tmp/cctrEH6k.s:233    .text.HAL_IncTick:0000000000000000 HAL_IncTick
     /tmp/cctrEH6k.s:251    .text.HAL_IncTick:0000000000000010 $d
                            *COM*:0000000000000004 uwTick
     /tmp/cctrEH6k.s:257    .text.HAL_GetTick:0000000000000000 $t
     /tmp/cctrEH6k.s:262    .text.HAL_GetTick:0000000000000000 HAL_GetTick
     /tmp/cctrEH6k.s:277    .text.HAL_GetTick:0000000000000008 $d
     /tmp/cctrEH6k.s:282    .text.HAL_GetTickPrio:0000000000000000 $t
     /tmp/cctrEH6k.s:287    .text.HAL_GetTickPrio:0000000000000000 HAL_GetTickPrio
     /tmp/cctrEH6k.s:301    .text.HAL_GetTickPrio:0000000000000008 $d
     /tmp/cctrEH6k.s:306    .text.HAL_SetTickFreq:0000000000000000 $t
     /tmp/cctrEH6k.s:311    .text.HAL_SetTickFreq:0000000000000000 HAL_SetTickFreq
     /tmp/cctrEH6k.s:349    .text.HAL_SetTickFreq:000000000000001c $d
     /tmp/cctrEH6k.s:355    .text.HAL_GetTickFreq:0000000000000000 $t
     /tmp/cctrEH6k.s:360    .text.HAL_GetTickFreq:0000000000000000 HAL_GetTickFreq
     /tmp/cctrEH6k.s:374    .text.HAL_GetTickFreq:0000000000000008 $d
     /tmp/cctrEH6k.s:379    .text.HAL_Delay:0000000000000000 $t
     /tmp/cctrEH6k.s:384    .text.HAL_Delay:0000000000000000 HAL_Delay
     /tmp/cctrEH6k.s:425    .text.HAL_Delay:0000000000000024 $d
     /tmp/cctrEH6k.s:430    .text.HAL_SuspendTick:0000000000000000 $t
     /tmp/cctrEH6k.s:435    .text.HAL_SuspendTick:0000000000000000 HAL_SuspendTick
     /tmp/cctrEH6k.s:451    .text.HAL_SuspendTick:000000000000000c $d
     /tmp/cctrEH6k.s:456    .text.HAL_ResumeTick:0000000000000000 $t
     /tmp/cctrEH6k.s:461    .text.HAL_ResumeTick:0000000000000000 HAL_ResumeTick
     /tmp/cctrEH6k.s:477    .text.HAL_ResumeTick:000000000000000c $d
     /tmp/cctrEH6k.s:482    .text.HAL_GetHalVersion:0000000000000000 $t
     /tmp/cctrEH6k.s:487    .text.HAL_GetHalVersion:0000000000000000 HAL_GetHalVersion
     /tmp/cctrEH6k.s:500    .text.HAL_GetHalVersion:0000000000000004 $d
     /tmp/cctrEH6k.s:505    .text.HAL_GetREVID:0000000000000000 $t
     /tmp/cctrEH6k.s:510    .text.HAL_GetREVID:0000000000000000 HAL_GetREVID
     /tmp/cctrEH6k.s:526    .text.HAL_GetREVID:0000000000000008 $d
     /tmp/cctrEH6k.s:531    .text.HAL_GetDEVID:0000000000000000 $t
     /tmp/cctrEH6k.s:536    .text.HAL_GetDEVID:0000000000000000 HAL_GetDEVID
     /tmp/cctrEH6k.s:552    .text.HAL_GetDEVID:000000000000000c $d
     /tmp/cctrEH6k.s:557    .text.HAL_DBGMCU_EnableDBGSleepMode:0000000000000000 $t
     /tmp/cctrEH6k.s:562    .text.HAL_DBGMCU_EnableDBGSleepMode:0000000000000000 HAL_DBGMCU_EnableDBGSleepMode
     /tmp/cctrEH6k.s:578    .text.HAL_DBGMCU_EnableDBGSleepMode:000000000000000c $d
     /tmp/cctrEH6k.s:583    .text.HAL_DBGMCU_DisableDBGSleepMode:0000000000000000 $t
     /tmp/cctrEH6k.s:588    .text.HAL_DBGMCU_DisableDBGSleepMode:0000000000000000 HAL_DBGMCU_DisableDBGSleepMode
     /tmp/cctrEH6k.s:604    .text.HAL_DBGMCU_DisableDBGSleepMode:000000000000000c $d
     /tmp/cctrEH6k.s:609    .text.HAL_DBGMCU_EnableDBGStopMode:0000000000000000 $t
     /tmp/cctrEH6k.s:614    .text.HAL_DBGMCU_EnableDBGStopMode:0000000000000000 HAL_DBGMCU_EnableDBGStopMode
ARM GAS  /tmp/cctrEH6k.s 			page 26


     /tmp/cctrEH6k.s:630    .text.HAL_DBGMCU_EnableDBGStopMode:000000000000000c $d
     /tmp/cctrEH6k.s:635    .text.HAL_DBGMCU_DisableDBGStopMode:0000000000000000 $t
     /tmp/cctrEH6k.s:640    .text.HAL_DBGMCU_DisableDBGStopMode:0000000000000000 HAL_DBGMCU_DisableDBGStopMode
     /tmp/cctrEH6k.s:656    .text.HAL_DBGMCU_DisableDBGStopMode:000000000000000c $d
     /tmp/cctrEH6k.s:661    .text.HAL_DBGMCU_EnableDBGStandbyMode:0000000000000000 $t
     /tmp/cctrEH6k.s:666    .text.HAL_DBGMCU_EnableDBGStandbyMode:0000000000000000 HAL_DBGMCU_EnableDBGStandbyMode
     /tmp/cctrEH6k.s:682    .text.HAL_DBGMCU_EnableDBGStandbyMode:000000000000000c $d
     /tmp/cctrEH6k.s:687    .text.HAL_DBGMCU_DisableDBGStandbyMode:0000000000000000 $t
     /tmp/cctrEH6k.s:692    .text.HAL_DBGMCU_DisableDBGStandbyMode:0000000000000000 HAL_DBGMCU_DisableDBGStandbyMode
     /tmp/cctrEH6k.s:708    .text.HAL_DBGMCU_DisableDBGStandbyMode:000000000000000c $d
     /tmp/cctrEH6k.s:713    .text.HAL_EnableCompensationCell:0000000000000000 $t
     /tmp/cctrEH6k.s:718    .text.HAL_EnableCompensationCell:0000000000000000 HAL_EnableCompensationCell
     /tmp/cctrEH6k.s:733    .text.HAL_EnableCompensationCell:0000000000000008 $d
     /tmp/cctrEH6k.s:738    .text.HAL_DisableCompensationCell:0000000000000000 $t
     /tmp/cctrEH6k.s:743    .text.HAL_DisableCompensationCell:0000000000000000 HAL_DisableCompensationCell
     /tmp/cctrEH6k.s:758    .text.HAL_DisableCompensationCell:0000000000000008 $d
     /tmp/cctrEH6k.s:763    .text.HAL_GetUID:0000000000000000 $t
     /tmp/cctrEH6k.s:768    .text.HAL_GetUID:0000000000000000 HAL_GetUID
     /tmp/cctrEH6k.s:792    .text.HAL_GetUID:0000000000000014 $d
     /tmp/cctrEH6k.s:812    .data.uwTickFreq:0000000000000000 uwTickFreq
     /tmp/cctrEH6k.s:806    .data.uwTickPrio:0000000000000000 uwTickPrio
     /tmp/cctrEH6k.s:802    .data.uwTickPrio:0000000000000000 $d
                     .debug_frame:0000000000000010 $d

UNDEFINED SYMBOLS
HAL_SYSTICK_Config
HAL_NVIC_SetPriority
SystemCoreClock
HAL_NVIC_SetPriorityGrouping
